mode: atomic
github.com/lukemurraynz/azd.extensions.drasi/internal/output/audit.go:21.66,22.13 1 2
github.com/lukemurraynz/azd.extensions.drasi/internal/output/audit.go:23.18,25.17 2 1
github.com/lukemurraynz/azd.extensions.drasi/internal/output/audit.go:25.17,27.4 1 0
github.com/lukemurraynz/azd.extensions.drasi/internal/output/audit.go:28.3,28.19 1 1
github.com/lukemurraynz/azd.extensions.drasi/internal/output/audit.go:29.19,30.14 1 1
github.com/lukemurraynz/azd.extensions.drasi/internal/output/audit.go:31.10,39.4 2 1
github.com/lukemurraynz/azd.extensions.drasi/internal/output/errors.go:35.74,44.23 2 2
github.com/lukemurraynz/azd.extensions.drasi/internal/output/errors.go:44.23,46.17 2 1
github.com/lukemurraynz/azd.extensions.drasi/internal/output/errors.go:46.17,48.4 1 0
github.com/lukemurraynz/azd.extensions.drasi/internal/output/errors.go:49.3,49.25 1 1
github.com/lukemurraynz/azd.extensions.drasi/internal/output/errors.go:52.2,52.75 1 1
github.com/lukemurraynz/azd.extensions.drasi/internal/output/formatter.go:23.48,24.17 1 5
github.com/lukemurraynz/azd.extensions.drasi/internal/output/formatter.go:24.17,26.3 1 1
github.com/lukemurraynz/azd.extensions.drasi/internal/output/formatter.go:28.2,28.23 1 4
github.com/lukemurraynz/azd.extensions.drasi/internal/output/formatter.go:28.23,30.17 2 2
github.com/lukemurraynz/azd.extensions.drasi/internal/output/formatter.go:30.17,32.4 1 0
github.com/lukemurraynz/azd.extensions.drasi/internal/output/formatter.go:33.3,33.25 1 2
github.com/lukemurraynz/azd.extensions.drasi/internal/output/formatter.go:36.2,37.38 2 2
github.com/lukemurraynz/azd.extensions.drasi/internal/output/formatter.go:37.38,38.20 1 0
github.com/lukemurraynz/azd.extensions.drasi/internal/output/formatter.go:38.20,40.4 1 0
github.com/lukemurraynz/azd.extensions.drasi/internal/output/formatter.go:41.3,41.23 1 0
github.com/lukemurraynz/azd.extensions.drasi/internal/output/formatter.go:44.2,44.22 1 2
github.com/lukemurraynz/azd.extensions.drasi/internal/output/formatter.go:45.36,46.35 1 2
github.com/lukemurraynz/azd.extensions.drasi/internal/output/formatter.go:47.22,48.34 1 0
github.com/lukemurraynz/azd.extensions.drasi/internal/output/formatter.go:49.19,50.31 1 0
github.com/lukemurraynz/azd.extensions.drasi/internal/output/formatter.go:51.10,52.29 1 0
github.com/lukemurraynz/azd.extensions.drasi/internal/output/formatter.go:56.53,57.22 1 2
github.com/lukemurraynz/azd.extensions.drasi/internal/output/formatter.go:57.22,59.3 1 1
github.com/lukemurraynz/azd.extensions.drasi/internal/output/formatter.go:61.2,62.22 2 1
github.com/lukemurraynz/azd.extensions.drasi/internal/output/formatter.go:62.22,64.3 1 0
github.com/lukemurraynz/azd.extensions.drasi/internal/output/formatter.go:66.2,66.36 1 1
github.com/lukemurraynz/azd.extensions.drasi/internal/output/formatter.go:66.36,68.30 2 0
github.com/lukemurraynz/azd.extensions.drasi/internal/output/formatter.go:68.30,70.4 1 0
github.com/lukemurraynz/azd.extensions.drasi/internal/output/formatter.go:71.3,71.34 1 0
github.com/lukemurraynz/azd.extensions.drasi/internal/output/formatter.go:74.2,75.23 2 1
github.com/lukemurraynz/azd.extensions.drasi/internal/output/formatter.go:75.23,77.3 1 0
github.com/lukemurraynz/azd.extensions.drasi/internal/output/formatter.go:79.2,82.29 4 1
github.com/lukemurraynz/azd.extensions.drasi/internal/output/formatter.go:82.29,85.38 3 2
github.com/lukemurraynz/azd.extensions.drasi/internal/output/formatter.go:85.38,87.4 1 4
github.com/lukemurraynz/azd.extensions.drasi/internal/output/formatter.go:88.3,88.56 1 2
github.com/lukemurraynz/azd.extensions.drasi/internal/output/formatter.go:90.2,91.21 2 1
github.com/lukemurraynz/azd.extensions.drasi/internal/output/formatter.go:94.52,96.23 2 0
github.com/lukemurraynz/azd.extensions.drasi/internal/output/formatter.go:96.23,98.3 1 0
github.com/lukemurraynz/azd.extensions.drasi/internal/output/formatter.go:100.2,104.37 5 0
github.com/lukemurraynz/azd.extensions.drasi/internal/output/formatter.go:104.37,106.3 1 0
github.com/lukemurraynz/azd.extensions.drasi/internal/output/formatter.go:107.2,109.21 3 0
github.com/lukemurraynz/azd.extensions.drasi/internal/output/formatter.go:112.49,113.22 1 0
github.com/lukemurraynz/azd.extensions.drasi/internal/output/formatter.go:113.22,115.3 1 0
github.com/lukemurraynz/azd.extensions.drasi/internal/output/formatter.go:117.2,121.18 5 0
github.com/lukemurraynz/azd.extensions.drasi/internal/output/formatter.go:121.18,123.3 1 0
github.com/lukemurraynz/azd.extensions.drasi/internal/output/formatter.go:124.2,125.21 2 0
github.com/lukemurraynz/azd.extensions.drasi/internal/output/formatter.go:128.79,132.32 3 1
github.com/lukemurraynz/azd.extensions.drasi/internal/output/formatter.go:132.32,134.26 2 2
github.com/lukemurraynz/azd.extensions.drasi/internal/output/formatter.go:134.26,135.12 1 0
github.com/lukemurraynz/azd.extensions.drasi/internal/output/formatter.go:138.3,139.46 2 2
github.com/lukemurraynz/azd.extensions.drasi/internal/output/formatter.go:139.46,141.19 2 2
github.com/lukemurraynz/azd.extensions.drasi/internal/output/formatter.go:141.19,142.13 1 0
github.com/lukemurraynz/azd.extensions.drasi/internal/output/formatter.go:144.4,144.18 1 2
github.com/lukemurraynz/azd.extensions.drasi/internal/output/formatter.go:144.18,146.5 1 2
github.com/lukemurraynz/azd.extensions.drasi/internal/output/formatter.go:149.3,151.62 3 2
github.com/lukemurraynz/azd.extensions.drasi/internal/output/formatter.go:151.62,153.29 2 4
github.com/lukemurraynz/azd.extensions.drasi/internal/output/formatter.go:153.29,155.5 1 0
github.com/lukemurraynz/azd.extensions.drasi/internal/output/formatter.go:156.4,156.48 1 4
github.com/lukemurraynz/azd.extensions.drasi/internal/output/formatter.go:160.2,160.27 1 1
github.com/lukemurraynz/azd.extensions.drasi/internal/output/formatter.go:163.58,164.57 1 7
github.com/lukemurraynz/azd.extensions.drasi/internal/output/formatter.go:164.57,165.20 1 0
github.com/lukemurraynz/azd.extensions.drasi/internal/output/formatter.go:165.20,167.4 1 0
github.com/lukemurraynz/azd.extensions.drasi/internal/output/formatter.go:168.3,168.23 1 0
github.com/lukemurraynz/azd.extensions.drasi/internal/output/formatter.go:170.2,170.14 1 7
github.com/lukemurraynz/azd.extensions.drasi/internal/keyvault/translator.go:28.102,31.9 3 0
github.com/lukemurraynz/azd.extensions.drasi/internal/keyvault/translator.go:31.9,33.3 1 0
github.com/lukemurraynz/azd.extensions.drasi/internal/keyvault/translator.go:34.2,34.19 1 0
github.com/lukemurraynz/azd.extensions.drasi/internal/keyvault/translator.go:44.34,46.2 1 4
github.com/lukemurraynz/azd.extensions.drasi/internal/keyvault/translator.go:49.75,50.25 1 3
github.com/lukemurraynz/azd.extensions.drasi/internal/keyvault/translator.go:50.25,52.3 1 0
github.com/lukemurraynz/azd.extensions.drasi/internal/keyvault/translator.go:53.2,53.48 1 3
github.com/lukemurraynz/azd.extensions.drasi/internal/keyvault/translator.go:60.95,61.43 1 7
github.com/lukemurraynz/azd.extensions.drasi/internal/keyvault/translator.go:61.43,63.3 1 1
github.com/lukemurraynz/azd.extensions.drasi/internal/keyvault/translator.go:65.2,65.21 1 6
github.com/lukemurraynz/azd.extensions.drasi/internal/keyvault/translator.go:65.21,70.10 3 3
github.com/lukemurraynz/azd.extensions.drasi/internal/keyvault/translator.go:70.10,72.4 1 1
github.com/lukemurraynz/azd.extensions.drasi/internal/keyvault/translator.go:73.3,73.71 1 2
github.com/lukemurraynz/azd.extensions.drasi/internal/keyvault/translator.go:77.2,82.16 3 3
github.com/lukemurraynz/azd.extensions.drasi/internal/keyvault/translator.go:82.16,84.3 1 1
github.com/lukemurraynz/azd.extensions.drasi/internal/keyvault/translator.go:85.2,85.75 1 2
github.com/lukemurraynz/azd.extensions.drasi/internal/drasi/apply.go:6.68,7.22 1 3
github.com/lukemurraynz/azd.extensions.drasi/internal/drasi/apply.go:7.22,9.3 1 1
github.com/lukemurraynz/azd.extensions.drasi/internal/drasi/apply.go:10.2,10.47 1 2
github.com/lukemurraynz/azd.extensions.drasi/internal/drasi/client.go:26.92,28.16 2 0
github.com/lukemurraynz/azd.extensions.drasi/internal/drasi/client.go:28.16,30.3 1 0
github.com/lukemurraynz/azd.extensions.drasi/internal/drasi/client.go:32.2,39.19 7 0
github.com/lukemurraynz/azd.extensions.drasi/internal/drasi/client.go:39.19,41.34 2 0
github.com/lukemurraynz/azd.extensions.drasi/internal/drasi/client.go:41.34,44.4 2 0
github.com/lukemurraynz/azd.extensions.drasi/internal/drasi/client.go:47.2,47.65 1 0
github.com/lukemurraynz/azd.extensions.drasi/internal/drasi/client.go:56.26,58.2 1 0
github.com/lukemurraynz/azd.extensions.drasi/internal/drasi/client.go:61.58,63.16 2 5
github.com/lukemurraynz/azd.extensions.drasi/internal/drasi/client.go:63.16,65.3 1 1
github.com/lukemurraynz/azd.extensions.drasi/internal/drasi/client.go:67.2,69.21 3 4
github.com/lukemurraynz/azd.extensions.drasi/internal/drasi/client.go:69.21,71.3 1 0
github.com/lukemurraynz/azd.extensions.drasi/internal/drasi/client.go:73.2,74.23 2 4
github.com/lukemurraynz/azd.extensions.drasi/internal/drasi/client.go:74.23,76.3 1 1
github.com/lukemurraynz/azd.extensions.drasi/internal/drasi/client.go:78.2,78.12 1 3
github.com/lukemurraynz/azd.extensions.drasi/internal/drasi/client.go:82.66,84.16 2 2
github.com/lukemurraynz/azd.extensions.drasi/internal/drasi/client.go:84.16,86.3 1 0
github.com/lukemurraynz/azd.extensions.drasi/internal/drasi/client.go:87.2,87.19 1 2
github.com/lukemurraynz/azd.extensions.drasi/internal/drasi/client.go:87.19,89.3 1 1
github.com/lukemurraynz/azd.extensions.drasi/internal/drasi/client.go:91.2,92.38 2 1
github.com/lukemurraynz/azd.extensions.drasi/internal/drasi/client.go:92.38,94.3 1 0
github.com/lukemurraynz/azd.extensions.drasi/internal/drasi/client.go:96.2,96.21 1 1
github.com/lukemurraynz/azd.extensions.drasi/internal/drasi/client.go:99.57,101.15 2 5
github.com/lukemurraynz/azd.extensions.drasi/internal/drasi/client.go:101.15,103.3 1 0
github.com/lukemurraynz/azd.extensions.drasi/internal/drasi/client.go:105.2,106.55 2 5
github.com/lukemurraynz/azd.extensions.drasi/internal/drasi/client.go:106.55,108.3 1 5
github.com/lukemurraynz/azd.extensions.drasi/internal/drasi/client.go:110.2,110.51 1 5
github.com/lukemurraynz/azd.extensions.drasi/internal/drasi/client.go:110.51,112.3 1 2
github.com/lukemurraynz/azd.extensions.drasi/internal/drasi/client.go:114.2,114.66 1 5
github.com/lukemurraynz/azd.extensions.drasi/internal/drasi/client.go:114.66,116.3 1 2
github.com/lukemurraynz/azd.extensions.drasi/internal/drasi/client.go:117.2,118.16 2 5
github.com/lukemurraynz/azd.extensions.drasi/internal/drasi/client.go:118.16,120.3 1 0
github.com/lukemurraynz/azd.extensions.drasi/internal/drasi/client.go:122.2,122.13 1 5
github.com/lukemurraynz/azd.extensions.drasi/internal/drasi/client.go:127.72,129.16 2 4
github.com/lukemurraynz/azd.extensions.drasi/internal/drasi/client.go:129.16,131.3 1 0
github.com/lukemurraynz/azd.extensions.drasi/internal/drasi/client.go:132.2,132.19 1 4
github.com/lukemurraynz/azd.extensions.drasi/internal/drasi/client.go:132.19,134.3 1 3
github.com/lukemurraynz/azd.extensions.drasi/internal/drasi/client.go:135.2,135.12 1 1
github.com/lukemurraynz/azd.extensions.drasi/internal/drasi/client.go:140.88,142.16 2 3
github.com/lukemurraynz/azd.extensions.drasi/internal/drasi/client.go:142.16,144.3 1 0
github.com/lukemurraynz/azd.extensions.drasi/internal/drasi/client.go:145.2,145.19 1 3
github.com/lukemurraynz/azd.extensions.drasi/internal/drasi/client.go:145.19,147.3 1 2
github.com/lukemurraynz/azd.extensions.drasi/internal/drasi/client.go:148.2,148.20 1 1
github.com/lukemurraynz/azd.extensions.drasi/internal/drasi/context_compat.go:5.56,7.2 1 2
github.com/lukemurraynz/azd.extensions.drasi/internal/drasi/delete.go:12.78,14.16 2 3
github.com/lukemurraynz/azd.extensions.drasi/internal/drasi/delete.go:14.16,16.3 1 1
github.com/lukemurraynz/azd.extensions.drasi/internal/drasi/delete.go:17.2,17.19 1 2
github.com/lukemurraynz/azd.extensions.drasi/internal/drasi/delete.go:17.19,18.44 1 1
github.com/lukemurraynz/azd.extensions.drasi/internal/drasi/delete.go:18.44,20.4 1 1
github.com/lukemurraynz/azd.extensions.drasi/internal/drasi/delete.go:21.3,21.115 1 0
github.com/lukemurraynz/azd.extensions.drasi/internal/drasi/delete.go:23.2,23.12 1 1
github.com/lukemurraynz/azd.extensions.drasi/internal/drasi/describe.go:24.49,26.2 1 0
github.com/lukemurraynz/azd.extensions.drasi/internal/drasi/describe.go:32.100,34.2 1 2
github.com/lukemurraynz/azd.extensions.drasi/internal/drasi/describe.go:37.122,39.2 1 2
github.com/lukemurraynz/azd.extensions.drasi/internal/drasi/describe.go:41.113,44.42 3 4
github.com/lukemurraynz/azd.extensions.drasi/internal/drasi/describe.go:44.42,46.3 1 2
github.com/lukemurraynz/azd.extensions.drasi/internal/drasi/describe.go:48.2,49.16 2 4
github.com/lukemurraynz/azd.extensions.drasi/internal/drasi/describe.go:49.16,51.3 1 0
github.com/lukemurraynz/azd.extensions.drasi/internal/drasi/describe.go:52.2,52.19 1 4
github.com/lukemurraynz/azd.extensions.drasi/internal/drasi/describe.go:52.19,53.84 1 2
github.com/lukemurraynz/azd.extensions.drasi/internal/drasi/describe.go:53.84,55.18 2 1
github.com/lukemurraynz/azd.extensions.drasi/internal/drasi/describe.go:55.18,57.5 1 0
github.com/lukemurraynz/azd.extensions.drasi/internal/drasi/describe.go:58.4,58.21 1 1
github.com/lukemurraynz/azd.extensions.drasi/internal/drasi/describe.go:58.21,59.46 1 0
github.com/lukemurraynz/azd.extensions.drasi/internal/drasi/describe.go:59.46,61.6 1 0
github.com/lukemurraynz/azd.extensions.drasi/internal/drasi/describe.go:62.5,62.92 1 0
github.com/lukemurraynz/azd.extensions.drasi/internal/drasi/describe.go:64.9,65.45 1 1
github.com/lukemurraynz/azd.extensions.drasi/internal/drasi/describe.go:65.45,67.5 1 1
github.com/lukemurraynz/azd.extensions.drasi/internal/drasi/describe.go:68.4,68.91 1 0
github.com/lukemurraynz/azd.extensions.drasi/internal/drasi/describe.go:72.2,73.51 2 3
github.com/lukemurraynz/azd.extensions.drasi/internal/drasi/describe.go:73.51,75.17 2 13
github.com/lukemurraynz/azd.extensions.drasi/internal/drasi/describe.go:75.17,76.12 1 3
github.com/lukemurraynz/azd.extensions.drasi/internal/drasi/describe.go:78.3,79.22 2 10
github.com/lukemurraynz/azd.extensions.drasi/internal/drasi/describe.go:79.22,80.12 1 0
github.com/lukemurraynz/azd.extensions.drasi/internal/drasi/describe.go:82.3,82.19 1 10
github.com/lukemurraynz/azd.extensions.drasi/internal/drasi/describe.go:83.13,84.24 1 3
github.com/lukemurraynz/azd.extensions.drasi/internal/drasi/describe.go:85.15,86.26 1 3
github.com/lukemurraynz/azd.extensions.drasi/internal/drasi/describe.go:87.17,88.28 1 3
github.com/lukemurraynz/azd.extensions.drasi/internal/drasi/describe.go:89.22,90.33 1 1
github.com/lukemurraynz/azd.extensions.drasi/internal/drasi/describe.go:93.2,93.20 1 3
github.com/lukemurraynz/azd.extensions.drasi/internal/drasi/list.go:19.95,21.2 1 16
github.com/lukemurraynz/azd.extensions.drasi/internal/drasi/list.go:24.117,26.2 1 2
github.com/lukemurraynz/azd.extensions.drasi/internal/drasi/list.go:28.108,31.42 3 18
github.com/lukemurraynz/azd.extensions.drasi/internal/drasi/list.go:31.42,33.3 1 2
github.com/lukemurraynz/azd.extensions.drasi/internal/drasi/list.go:35.2,36.16 2 18
github.com/lukemurraynz/azd.extensions.drasi/internal/drasi/list.go:36.16,38.3 1 0
github.com/lukemurraynz/azd.extensions.drasi/internal/drasi/list.go:39.2,39.19 1 18
github.com/lukemurraynz/azd.extensions.drasi/internal/drasi/list.go:39.19,40.84 1 2
github.com/lukemurraynz/azd.extensions.drasi/internal/drasi/list.go:40.84,42.18 2 1
github.com/lukemurraynz/azd.extensions.drasi/internal/drasi/list.go:42.18,44.5 1 0
github.com/lukemurraynz/azd.extensions.drasi/internal/drasi/list.go:45.4,45.21 1 1
github.com/lukemurraynz/azd.extensions.drasi/internal/drasi/list.go:45.21,47.5 1 0
github.com/lukemurraynz/azd.extensions.drasi/internal/drasi/list.go:48.9,50.4 1 1
github.com/lukemurraynz/azd.extensions.drasi/internal/drasi/list.go:53.2,53.37 1 17
github.com/lukemurraynz/azd.extensions.drasi/internal/drasi/list.go:53.37,55.3 1 2
github.com/lukemurraynz/azd.extensions.drasi/internal/drasi/list.go:57.2,58.48 2 15
github.com/lukemurraynz/azd.extensions.drasi/internal/drasi/list.go:58.48,60.3 1 1
github.com/lukemurraynz/azd.extensions.drasi/internal/drasi/list.go:62.2,62.38 1 14
github.com/lukemurraynz/azd.extensions.drasi/internal/drasi/list.go:72.71,75.29 3 16
github.com/lukemurraynz/azd.extensions.drasi/internal/drasi/list.go:75.29,76.36 1 17
github.com/lukemurraynz/azd.extensions.drasi/internal/drasi/list.go:76.36,77.12 1 1
github.com/lukemurraynz/azd.extensions.drasi/internal/drasi/list.go:79.3,80.8 2 16
github.com/lukemurraynz/azd.extensions.drasi/internal/drasi/list.go:83.2,83.23 1 16
github.com/lukemurraynz/azd.extensions.drasi/internal/drasi/list.go:83.23,85.3 1 0
github.com/lukemurraynz/azd.extensions.drasi/internal/drasi/list.go:87.2,88.59 2 16
github.com/lukemurraynz/azd.extensions.drasi/internal/drasi/list.go:88.59,90.3 1 1
github.com/lukemurraynz/azd.extensions.drasi/internal/drasi/list.go:93.2,93.39 1 15
github.com/lukemurraynz/azd.extensions.drasi/internal/drasi/list.go:93.39,95.3 1 10
github.com/lukemurraynz/azd.extensions.drasi/internal/drasi/list.go:98.2,98.48 1 5
github.com/lukemurraynz/azd.extensions.drasi/internal/drasi/list.go:103.99,109.28 5 10
github.com/lukemurraynz/azd.extensions.drasi/internal/drasi/list.go:109.28,111.20 2 37
github.com/lukemurraynz/azd.extensions.drasi/internal/drasi/list.go:111.20,113.4 1 9
github.com/lukemurraynz/azd.extensions.drasi/internal/drasi/list.go:116.3,116.24 1 37
github.com/lukemurraynz/azd.extensions.drasi/internal/drasi/list.go:116.24,118.4 1 3
github.com/lukemurraynz/azd.extensions.drasi/internal/drasi/list.go:119.3,119.46 1 37
github.com/lukemurraynz/azd.extensions.drasi/internal/drasi/list.go:119.46,121.4 1 9
github.com/lukemurraynz/azd.extensions.drasi/internal/drasi/list.go:124.2,124.17 1 10
github.com/lukemurraynz/azd.extensions.drasi/internal/drasi/list.go:124.17,126.3 1 1
github.com/lukemurraynz/azd.extensions.drasi/internal/drasi/list.go:129.2,130.45 2 9
github.com/lukemurraynz/azd.extensions.drasi/internal/drasi/list.go:130.45,132.20 2 27
github.com/lukemurraynz/azd.extensions.drasi/internal/drasi/list.go:132.20,133.12 1 9
github.com/lukemurraynz/azd.extensions.drasi/internal/drasi/list.go:136.3,136.31 1 18
github.com/lukemurraynz/azd.extensions.drasi/internal/drasi/list.go:136.31,137.12 1 9
github.com/lukemurraynz/azd.extensions.drasi/internal/drasi/list.go:140.3,141.25 2 9
github.com/lukemurraynz/azd.extensions.drasi/internal/drasi/list.go:141.25,142.12 1 0
github.com/lukemurraynz/azd.extensions.drasi/internal/drasi/list.go:145.3,146.15 2 9
github.com/lukemurraynz/azd.extensions.drasi/internal/drasi/list.go:146.15,147.12 1 0
github.com/lukemurraynz/azd.extensions.drasi/internal/drasi/list.go:150.3,151.46 2 9
github.com/lukemurraynz/azd.extensions.drasi/internal/drasi/list.go:151.46,153.4 1 9
github.com/lukemurraynz/azd.extensions.drasi/internal/drasi/list.go:155.3,159.5 1 9
github.com/lukemurraynz/azd.extensions.drasi/internal/drasi/list.go:162.2,162.20 1 9
github.com/lukemurraynz/azd.extensions.drasi/internal/drasi/list.go:166.87,172.49 3 5
github.com/lukemurraynz/azd.extensions.drasi/internal/drasi/list.go:172.49,174.3 1 1
github.com/lukemurraynz/azd.extensions.drasi/internal/drasi/list.go:176.2,177.45 2 4
github.com/lukemurraynz/azd.extensions.drasi/internal/drasi/list.go:177.45,179.17 2 8
github.com/lukemurraynz/azd.extensions.drasi/internal/drasi/list.go:179.17,180.12 1 4
github.com/lukemurraynz/azd.extensions.drasi/internal/drasi/list.go:182.3,183.22 2 4
github.com/lukemurraynz/azd.extensions.drasi/internal/drasi/list.go:183.22,185.4 1 0
github.com/lukemurraynz/azd.extensions.drasi/internal/drasi/list.go:186.3,190.5 1 4
github.com/lukemurraynz/azd.extensions.drasi/internal/drasi/list.go:192.2,192.20 1 4
github.com/lukemurraynz/azd.extensions.drasi/internal/drasi/list.go:196.41,199.26 3 19
github.com/lukemurraynz/azd.extensions.drasi/internal/drasi/list.go:199.26,201.3 1 72
github.com/lukemurraynz/azd.extensions.drasi/internal/drasi/list.go:202.2,202.13 1 19
github.com/lukemurraynz/azd.extensions.drasi/internal/drasi/list.go:206.40,207.26 1 18
github.com/lukemurraynz/azd.extensions.drasi/internal/drasi/list.go:207.26,208.42 1 446
github.com/lukemurraynz/azd.extensions.drasi/internal/drasi/list.go:208.42,210.4 1 9
github.com/lukemurraynz/azd.extensions.drasi/internal/drasi/list.go:212.2,212.13 1 9
github.com/lukemurraynz/azd.extensions.drasi/internal/drasi/wait.go:12.89,13.24 1 3
github.com/lukemurraynz/azd.extensions.drasi/internal/drasi/wait.go:13.24,16.17 3 5
github.com/lukemurraynz/azd.extensions.drasi/internal/drasi/wait.go:16.17,18.4 1 0
github.com/lukemurraynz/azd.extensions.drasi/internal/drasi/wait.go:19.3,19.49 1 5
github.com/lukemurraynz/azd.extensions.drasi/internal/drasi/wait.go:19.49,21.4 1 2
github.com/lukemurraynz/azd.extensions.drasi/internal/drasi/wait.go:22.3,22.30 1 3
github.com/lukemurraynz/azd.extensions.drasi/internal/drasi/wait.go:22.30,24.4 1 1
github.com/lukemurraynz/azd.extensions.drasi/internal/observability/metrics.go:15.87,17.19 2 2
github.com/lukemurraynz/azd.extensions.drasi/internal/observability/metrics.go:17.19,20.3 2 2
github.com/lukemurraynz/azd.extensions.drasi/internal/observability/metrics.go:22.2,23.46 2 0
github.com/lukemurraynz/azd.extensions.drasi/internal/observability/metrics.go:23.46,25.3 1 0
github.com/lukemurraynz/azd.extensions.drasi/internal/observability/metrics.go:26.2,26.47 1 0
github.com/lukemurraynz/azd.extensions.drasi/internal/observability/telemetry.go:20.121,21.18 1 3
github.com/lukemurraynz/azd.extensions.drasi/internal/observability/telemetry.go:21.18,23.3 1 1
github.com/lukemurraynz/azd.extensions.drasi/internal/observability/telemetry.go:25.2,27.16 3 2
github.com/lukemurraynz/azd.extensions.drasi/internal/observability/telemetry.go:27.16,30.3 2 1
github.com/lukemurraynz/azd.extensions.drasi/internal/observability/telemetry.go:33.2,36.23 2 2
github.com/lukemurraynz/azd.extensions.drasi/internal/observability/telemetry.go:36.23,43.3 1 2
github.com/lukemurraynz/azd.extensions.drasi/internal/observability/telemetry.go:46.2,50.20 2 2
github.com/lukemurraynz/azd.extensions.drasi/internal/observability/telemetry.go:50.20,56.3 1 2
github.com/lukemurraynz/azd.extensions.drasi/internal/observability/telemetry.go:59.2,59.16 1 2
github.com/lukemurraynz/azd.extensions.drasi/internal/observability/telemetry.go:59.16,63.27 2 1
github.com/lukemurraynz/azd.extensions.drasi/internal/observability/telemetry.go:63.27,70.4 1 1
github.com/lukemurraynz/azd.extensions.drasi/internal/observability/telemetry.go:76.41,77.16 1 1
github.com/lukemurraynz/azd.extensions.drasi/internal/observability/telemetry.go:77.16,79.3 1 0
github.com/lukemurraynz/azd.extensions.drasi/internal/observability/telemetry.go:80.2,83.30 2 1
github.com/lukemurraynz/azd.extensions.drasi/internal/observability/telemetry.go:83.30,85.3 1 0
github.com/lukemurraynz/azd.extensions.drasi/internal/observability/telemetry.go:86.2,86.18 1 1
github.com/lukemurraynz/azd.extensions.drasi/internal/observability/tracer.go:21.88,23.19 2 1
github.com/lukemurraynz/azd.extensions.drasi/internal/observability/tracer.go:23.19,26.3 2 1
github.com/lukemurraynz/azd.extensions.drasi/internal/observability/tracer.go:28.2,29.16 2 0
github.com/lukemurraynz/azd.extensions.drasi/internal/observability/tracer.go:29.16,31.3 1 0
github.com/lukemurraynz/azd.extensions.drasi/internal/observability/tracer.go:33.2,38.16 2 0
github.com/lukemurraynz/azd.extensions.drasi/internal/observability/tracer.go:38.16,41.3 1 0
github.com/lukemurraynz/azd.extensions.drasi/internal/observability/tracer.go:43.2,48.46 2 0
github.com/lukemurraynz/azd.extensions.drasi/internal/observability/tracer.go:48.46,50.3 1 0
github.com/lukemurraynz/azd.extensions.drasi/internal/observability/tracer.go:52.2,52.48 1 0
github.com/lukemurraynz/azd.extensions.drasi/internal/observability/tracer.go:55.44,55.58 1 3
github.com/lukemurraynz/azd.extensions.drasi/internal/deployment/diff.go:25.96,27.30 2 13
github.com/lukemurraynz/azd.extensions.drasi/internal/deployment/diff.go:27.30,30.10 3 20
github.com/lukemurraynz/azd.extensions.drasi/internal/deployment/diff.go:31.30,32.25 1 16
github.com/lukemurraynz/azd.extensions.drasi/internal/deployment/diff.go:33.27,34.23 1 2
github.com/lukemurraynz/azd.extensions.drasi/internal/deployment/diff.go:35.11,36.34 1 2
github.com/lukemurraynz/azd.extensions.drasi/internal/deployment/diff.go:38.3,43.5 1 20
github.com/lukemurraynz/azd.extensions.drasi/internal/deployment/diff.go:45.2,45.15 1 13
github.com/lukemurraynz/azd.extensions.drasi/internal/deployment/engine.go:41.64,43.2 1 14
github.com/lukemurraynz/azd.extensions.drasi/internal/deployment/engine.go:48.107,55.27 5 10
github.com/lukemurraynz/azd.extensions.drasi/internal/deployment/engine.go:55.27,57.17 2 17
github.com/lukemurraynz/azd.extensions.drasi/internal/deployment/engine.go:57.17,59.4 1 0
github.com/lukemurraynz/azd.extensions.drasi/internal/deployment/engine.go:60.3,60.36 1 17
github.com/lukemurraynz/azd.extensions.drasi/internal/deployment/engine.go:63.2,66.33 3 10
github.com/lukemurraynz/azd.extensions.drasi/internal/deployment/engine.go:66.33,67.34 1 16
github.com/lukemurraynz/azd.extensions.drasi/internal/deployment/engine.go:67.34,68.12 1 1
github.com/lukemurraynz/azd.extensions.drasi/internal/deployment/engine.go:70.3,70.18 1 15
github.com/lukemurraynz/azd.extensions.drasi/internal/deployment/engine.go:70.18,71.12 1 2
github.com/lukemurraynz/azd.extensions.drasi/internal/deployment/engine.go:74.3,77.45 3 13
github.com/lukemurraynz/azd.extensions.drasi/internal/deployment/engine.go:77.45,79.4 1 1
github.com/lukemurraynz/azd.extensions.drasi/internal/deployment/engine.go:81.3,81.22 1 13
github.com/lukemurraynz/azd.extensions.drasi/internal/deployment/engine.go:81.22,83.4 1 13
github.com/lukemurraynz/azd.extensions.drasi/internal/deployment/engine.go:85.3,85.22 1 13
github.com/lukemurraynz/azd.extensions.drasi/internal/deployment/engine.go:85.22,87.4 1 12
github.com/lukemurraynz/azd.extensions.drasi/internal/deployment/engine.go:89.3,91.22 2 13
github.com/lukemurraynz/azd.extensions.drasi/internal/deployment/engine.go:91.22,92.24 1 4
github.com/lukemurraynz/azd.extensions.drasi/internal/deployment/engine.go:92.24,93.54 1 3
github.com/lukemurraynz/azd.extensions.drasi/internal/deployment/engine.go:93.54,95.92 2 2
github.com/lukemurraynz/azd.extensions.drasi/internal/deployment/engine.go:95.92,100.7 1 1
github.com/lukemurraynz/azd.extensions.drasi/internal/deployment/engine.go:103.4,103.19 1 4
github.com/lukemurraynz/azd.extensions.drasi/internal/deployment/engine.go:107.3,108.81 2 9
github.com/lukemurraynz/azd.extensions.drasi/internal/deployment/engine.go:108.81,110.4 1 0
github.com/lukemurraynz/azd.extensions.drasi/internal/deployment/engine.go:112.3,112.56 1 9
github.com/lukemurraynz/azd.extensions.drasi/internal/deployment/engine.go:115.2,115.12 1 6
github.com/lukemurraynz/azd.extensions.drasi/internal/deployment/engine.go:120.109,124.27 3 4
github.com/lukemurraynz/azd.extensions.drasi/internal/deployment/engine.go:124.27,126.3 1 8
github.com/lukemurraynz/azd.extensions.drasi/internal/deployment/engine.go:127.2,129.33 2 4
github.com/lukemurraynz/azd.extensions.drasi/internal/deployment/engine.go:129.33,130.89 1 8
github.com/lukemurraynz/azd.extensions.drasi/internal/deployment/engine.go:130.89,132.4 1 1
github.com/lukemurraynz/azd.extensions.drasi/internal/deployment/engine.go:133.3,134.62 2 7
github.com/lukemurraynz/azd.extensions.drasi/internal/deployment/engine.go:134.62,136.4 1 0
github.com/lukemurraynz/azd.extensions.drasi/internal/deployment/engine.go:139.2,139.12 1 3
github.com/lukemurraynz/azd.extensions.drasi/internal/deployment/engine.go:143.119,145.16 2 13
github.com/lukemurraynz/azd.extensions.drasi/internal/deployment/engine.go:145.16,147.3 1 0
github.com/lukemurraynz/azd.extensions.drasi/internal/deployment/engine.go:149.2,150.16 2 13
github.com/lukemurraynz/azd.extensions.drasi/internal/deployment/engine.go:150.16,152.3 1 0
github.com/lukemurraynz/azd.extensions.drasi/internal/deployment/engine.go:153.2,153.15 1 13
github.com/lukemurraynz/azd.extensions.drasi/internal/deployment/engine.go:153.15,153.48 1 13
github.com/lukemurraynz/azd.extensions.drasi/internal/deployment/engine.go:157.2,157.55 1 13
github.com/lukemurraynz/azd.extensions.drasi/internal/deployment/engine.go:157.55,160.3 2 0
github.com/lukemurraynz/azd.extensions.drasi/internal/deployment/engine.go:162.2,162.45 1 13
github.com/lukemurraynz/azd.extensions.drasi/internal/deployment/engine.go:162.45,165.3 2 0
github.com/lukemurraynz/azd.extensions.drasi/internal/deployment/engine.go:166.2,168.69 2 13
github.com/lukemurraynz/azd.extensions.drasi/internal/deployment/engine.go:182.98,185.21 3 13
github.com/lukemurraynz/azd.extensions.drasi/internal/deployment/engine.go:186.16,187.38 1 8
github.com/lukemurraynz/azd.extensions.drasi/internal/deployment/engine.go:187.38,188.25 1 8
github.com/lukemurraynz/azd.extensions.drasi/internal/deployment/engine.go:188.25,191.5 2 8
github.com/lukemurraynz/azd.extensions.drasi/internal/deployment/engine.go:193.25,194.38 1 5
github.com/lukemurraynz/azd.extensions.drasi/internal/deployment/engine.go:194.38,195.25 1 5
github.com/lukemurraynz/azd.extensions.drasi/internal/deployment/engine.go:195.25,198.5 2 5
github.com/lukemurraynz/azd.extensions.drasi/internal/deployment/engine.go:200.20,201.42 1 0
github.com/lukemurraynz/azd.extensions.drasi/internal/deployment/engine.go:201.42,202.25 1 0
github.com/lukemurraynz/azd.extensions.drasi/internal/deployment/engine.go:202.25,205.5 2 0
github.com/lukemurraynz/azd.extensions.drasi/internal/deployment/engine.go:207.18,208.40 1 0
github.com/lukemurraynz/azd.extensions.drasi/internal/deployment/engine.go:208.40,209.25 1 0
github.com/lukemurraynz/azd.extensions.drasi/internal/deployment/engine.go:209.25,212.5 2 0
github.com/lukemurraynz/azd.extensions.drasi/internal/deployment/engine.go:215.2,215.22 1 13
github.com/lukemurraynz/azd.extensions.drasi/internal/deployment/engine.go:215.22,217.3 1 0
github.com/lukemurraynz/azd.extensions.drasi/internal/deployment/engine.go:220.2,220.49 1 13
github.com/lukemurraynz/azd.extensions.drasi/internal/deployment/engine.go:220.49,223.17 3 0
github.com/lukemurraynz/azd.extensions.drasi/internal/deployment/engine.go:223.17,225.4 1 0
github.com/lukemurraynz/azd.extensions.drasi/internal/deployment/engine.go:226.3,226.19 1 0
github.com/lukemurraynz/azd.extensions.drasi/internal/deployment/engine.go:230.2,230.32 1 13
github.com/lukemurraynz/azd.extensions.drasi/internal/deployment/engine.go:235.81,237.37 2 15
github.com/lukemurraynz/azd.extensions.drasi/internal/deployment/engine.go:237.37,239.3 1 15
github.com/lukemurraynz/azd.extensions.drasi/internal/deployment/engine.go:240.2,240.37 1 15
github.com/lukemurraynz/azd.extensions.drasi/internal/deployment/engine.go:240.37,242.3 1 8
github.com/lukemurraynz/azd.extensions.drasi/internal/deployment/engine.go:243.2,243.41 1 15
github.com/lukemurraynz/azd.extensions.drasi/internal/deployment/engine.go:243.41,245.3 1 0
github.com/lukemurraynz/azd.extensions.drasi/internal/deployment/engine.go:246.2,246.39 1 15
github.com/lukemurraynz/azd.extensions.drasi/internal/deployment/engine.go:246.39,248.3 1 3
github.com/lukemurraynz/azd.extensions.drasi/internal/deployment/engine.go:249.2,249.15 1 15
github.com/lukemurraynz/azd.extensions.drasi/internal/deployment/engine.go:252.29,254.16 2 26
github.com/lukemurraynz/azd.extensions.drasi/internal/deployment/engine.go:254.16,257.3 1 0
github.com/lukemurraynz/azd.extensions.drasi/internal/deployment/engine.go:258.2,259.38 2 26
github.com/lukemurraynz/azd.extensions.drasi/internal/deployment/lock.go:27.53,29.2 1 7
github.com/lukemurraynz/azd.extensions.drasi/internal/deployment/lock.go:32.57,38.16 3 5
github.com/lukemurraynz/azd.extensions.drasi/internal/deployment/lock.go:38.16,40.3 1 0
github.com/lukemurraynz/azd.extensions.drasi/internal/deployment/lock.go:41.2,41.60 1 5
github.com/lukemurraynz/azd.extensions.drasi/internal/deployment/lock.go:45.57,47.2 1 2
github.com/lukemurraynz/azd.extensions.drasi/internal/deployment/lock.go:56.87,58.16 2 4
github.com/lukemurraynz/azd.extensions.drasi/internal/deployment/lock.go:58.16,60.3 1 0
github.com/lukemurraynz/azd.extensions.drasi/internal/deployment/lock.go:62.2,62.15 1 4
github.com/lukemurraynz/azd.extensions.drasi/internal/deployment/lock.go:62.15,64.3 1 1
github.com/lukemurraynz/azd.extensions.drasi/internal/deployment/lock.go:66.2,66.19 1 3
github.com/lukemurraynz/azd.extensions.drasi/internal/deployment/lock.go:66.19,69.3 1 1
github.com/lukemurraynz/azd.extensions.drasi/internal/deployment/lock.go:71.2,72.62 2 2
github.com/lukemurraynz/azd.extensions.drasi/internal/deployment/lock.go:72.62,75.3 1 0
github.com/lukemurraynz/azd.extensions.drasi/internal/deployment/lock.go:77.2,78.16 2 2
github.com/lukemurraynz/azd.extensions.drasi/internal/deployment/lock.go:78.16,81.3 1 0
github.com/lukemurraynz/azd.extensions.drasi/internal/deployment/lock.go:83.2,83.42 1 2
github.com/lukemurraynz/azd.extensions.drasi/internal/deployment/lock.go:87.62,89.2 1 2
github.com/lukemurraynz/azd.extensions.drasi/internal/deployment/order.go:24.100,27.47 3 11
github.com/lukemurraynz/azd.extensions.drasi/internal/deployment/order.go:27.47,29.3 1 12
github.com/lukemurraynz/azd.extensions.drasi/internal/deployment/order.go:30.2,30.15 1 11
github.com/lukemurraynz/azd.extensions.drasi/internal/deployment/order.go:34.100,37.47 3 5
github.com/lukemurraynz/azd.extensions.drasi/internal/deployment/order.go:37.47,39.3 1 11
github.com/lukemurraynz/azd.extensions.drasi/internal/deployment/order.go:40.2,40.15 1 5
github.com/lukemurraynz/azd.extensions.drasi/internal/deployment/state.go:31.65,31.81 1 0
github.com/lukemurraynz/azd.extensions.drasi/internal/deployment/state.go:40.75,42.2 1 24
github.com/lukemurraynz/azd.extensions.drasi/internal/deployment/state.go:47.84,49.2 1 0
github.com/lukemurraynz/azd.extensions.drasi/internal/deployment/state.go:52.87,54.2 1 24
github.com/lukemurraynz/azd.extensions.drasi/internal/deployment/state.go:57.84,59.2 1 27
github.com/lukemurraynz/azd.extensions.drasi/internal/deployment/timeout.go:18.113,20.18 2 15
github.com/lukemurraynz/azd.extensions.drasi/internal/deployment/timeout.go:20.18,22.3 1 1
github.com/lukemurraynz/azd.extensions.drasi/internal/deployment/timeout.go:23.2,23.36 1 15
github.com/lukemurraynz/azd.extensions.drasi/internal/deployment/timeout.go:28.112,30.18 2 12
github.com/lukemurraynz/azd.extensions.drasi/internal/deployment/timeout.go:30.18,32.3 1 1
github.com/lukemurraynz/azd.extensions.drasi/internal/deployment/timeout.go:33.2,33.36 1 12
github.com/lukemurraynz/azd.extensions.drasi/internal/validation/errors.go:27.45,28.33 1 15
github.com/lukemurraynz/azd.extensions.drasi/internal/validation/errors.go:28.33,29.32 1 9
github.com/lukemurraynz/azd.extensions.drasi/internal/validation/errors.go:29.32,31.4 1 7
github.com/lukemurraynz/azd.extensions.drasi/internal/validation/errors.go:34.2,34.14 1 8
github.com/lukemurraynz/azd.extensions.drasi/internal/validation/errors.go:38.47,39.33 1 3
github.com/lukemurraynz/azd.extensions.drasi/internal/validation/errors.go:39.33,40.34 1 2
github.com/lukemurraynz/azd.extensions.drasi/internal/validation/errors.go:40.34,42.4 1 2
github.com/lukemurraynz/azd.extensions.drasi/internal/validation/errors.go:45.2,45.14 1 1
github.com/lukemurraynz/azd.extensions.drasi/internal/validation/errors.go:49.55,51.2 1 16
github.com/lukemurraynz/azd.extensions.drasi/internal/validation/graph.go:12.91,17.41 4 9
github.com/lukemurraynz/azd.extensions.drasi/internal/validation/graph.go:17.41,20.3 2 11
github.com/lukemurraynz/azd.extensions.drasi/internal/validation/graph.go:22.2,22.41 1 9
github.com/lukemurraynz/azd.extensions.drasi/internal/validation/graph.go:22.41,23.47 1 11
github.com/lukemurraynz/azd.extensions.drasi/internal/validation/graph.go:23.47,24.42 1 7
github.com/lukemurraynz/azd.extensions.drasi/internal/validation/graph.go:24.42,26.5 1 4
github.com/lukemurraynz/azd.extensions.drasi/internal/validation/graph.go:30.2,40.41 6 9
github.com/lukemurraynz/azd.extensions.drasi/internal/validation/graph.go:40.41,41.12 1 11
github.com/lukemurraynz/azd.extensions.drasi/internal/validation/graph.go:41.12,43.4 1 0
github.com/lukemurraynz/azd.extensions.drasi/internal/validation/graph.go:45.3,48.36 3 11
github.com/lukemurraynz/azd.extensions.drasi/internal/validation/graph.go:48.36,49.23 1 4
github.com/lukemurraynz/azd.extensions.drasi/internal/validation/graph.go:50.23,52.31 2 2
github.com/lukemurraynz/azd.extensions.drasi/internal/validation/graph.go:52.31,53.22 1 2
github.com/lukemurraynz/azd.extensions.drasi/internal/validation/graph.go:53.22,55.12 2 2
github.com/lukemurraynz/azd.extensions.drasi/internal/validation/graph.go:58.5,60.11 3 2
github.com/lukemurraynz/azd.extensions.drasi/internal/validation/graph.go:61.24,62.20 1 2
github.com/lukemurraynz/azd.extensions.drasi/internal/validation/graph.go:64.4,64.13 1 2
github.com/lukemurraynz/azd.extensions.drasi/internal/validation/graph.go:64.13,66.5 1 2
github.com/lukemurraynz/azd.extensions.drasi/internal/validation/graph.go:69.3,69.26 1 7
github.com/lukemurraynz/azd.extensions.drasi/internal/validation/graph.go:72.2,72.41 1 9
github.com/lukemurraynz/azd.extensions.drasi/internal/validation/graph.go:72.41,73.40 1 9
github.com/lukemurraynz/azd.extensions.drasi/internal/validation/graph.go:73.40,75.4 1 9
github.com/lukemurraynz/azd.extensions.drasi/internal/validation/graph.go:76.3,76.12 1 9
github.com/lukemurraynz/azd.extensions.drasi/internal/validation/graph.go:76.12,77.9 1 2
github.com/lukemurraynz/azd.extensions.drasi/internal/validation/graph.go:81.2,81.12 1 9
github.com/lukemurraynz/azd.extensions.drasi/internal/validation/graph.go:81.12,83.3 1 7
github.com/lukemurraynz/azd.extensions.drasi/internal/validation/graph.go:85.2,93.4 2 2
github.com/lukemurraynz/azd.extensions.drasi/internal/validation/querylang.go:13.90,14.41 1 10
github.com/lukemurraynz/azd.extensions.drasi/internal/validation/querylang.go:14.41,15.58 1 10
github.com/lukemurraynz/azd.extensions.drasi/internal/validation/querylang.go:15.58,24.4 1 4
github.com/lukemurraynz/azd.extensions.drasi/internal/validation/references.go:11.86,13.42 2 10
github.com/lukemurraynz/azd.extensions.drasi/internal/validation/references.go:13.42,15.3 1 5
github.com/lukemurraynz/azd.extensions.drasi/internal/validation/references.go:17.2,18.46 2 10
github.com/lukemurraynz/azd.extensions.drasi/internal/validation/references.go:18.46,20.3 1 2
github.com/lukemurraynz/azd.extensions.drasi/internal/validation/references.go:22.2,23.41 2 10
github.com/lukemurraynz/azd.extensions.drasi/internal/validation/references.go:23.41,25.3 1 10
github.com/lukemurraynz/azd.extensions.drasi/internal/validation/references.go:27.2,27.41 1 10
github.com/lukemurraynz/azd.extensions.drasi/internal/validation/references.go:27.41,28.43 1 10
github.com/lukemurraynz/azd.extensions.drasi/internal/validation/references.go:28.43,29.45 1 10
github.com/lukemurraynz/azd.extensions.drasi/internal/validation/references.go:29.45,38.5 1 7
github.com/lukemurraynz/azd.extensions.drasi/internal/validation/references.go:41.3,41.47 1 10
github.com/lukemurraynz/azd.extensions.drasi/internal/validation/references.go:41.47,44.31 3 4
github.com/lukemurraynz/azd.extensions.drasi/internal/validation/references.go:44.31,53.5 1 1
github.com/lukemurraynz/azd.extensions.drasi/internal/validation/schema.go:21.75,23.2 1 3
github.com/lukemurraynz/azd.extensions.drasi/internal/validation/schema.go:26.82,28.2 1 5
github.com/lukemurraynz/azd.extensions.drasi/internal/validation/schema.go:31.81,33.2 1 1
github.com/lukemurraynz/azd.extensions.drasi/internal/validation/schema.go:36.87,38.2 1 0
github.com/lukemurraynz/azd.extensions.drasi/internal/validation/schema.go:41.110,43.2 1 2
github.com/lukemurraynz/azd.extensions.drasi/internal/validation/schema.go:45.122,47.16 2 11
github.com/lukemurraynz/azd.extensions.drasi/internal/validation/schema.go:47.16,57.3 2 0
github.com/lukemurraynz/azd.extensions.drasi/internal/validation/schema.go:59.2,60.19 2 11
github.com/lukemurraynz/azd.extensions.drasi/internal/validation/schema.go:60.19,70.3 2 0
github.com/lukemurraynz/azd.extensions.drasi/internal/validation/schema.go:72.2,72.60 1 11
github.com/lukemurraynz/azd.extensions.drasi/internal/validation/schema.go:72.60,81.3 1 0
github.com/lukemurraynz/azd.extensions.drasi/internal/validation/schema.go:84.63,85.27 1 11
github.com/lukemurraynz/azd.extensions.drasi/internal/validation/schema.go:85.27,94.5 3 1
github.com/lukemurraynz/azd.extensions.drasi/internal/validation/schema.go:94.5,96.18 2 5
github.com/lukemurraynz/azd.extensions.drasi/internal/validation/schema.go:96.18,99.5 2 0
github.com/lukemurraynz/azd.extensions.drasi/internal/validation/schema.go:101.4,102.53 2 5
github.com/lukemurraynz/azd.extensions.drasi/internal/validation/schema.go:102.53,105.5 2 0
github.com/lukemurraynz/azd.extensions.drasi/internal/validation/schema.go:106.4,106.58 1 5
github.com/lukemurraynz/azd.extensions.drasi/internal/validation/schema.go:106.58,109.5 2 0
github.com/lukemurraynz/azd.extensions.drasi/internal/validation/schema.go:112.3,118.5 1 1
github.com/lukemurraynz/azd.extensions.drasi/internal/validation/schema.go:118.5,120.18 2 5
github.com/lukemurraynz/azd.extensions.drasi/internal/validation/schema.go:120.18,123.5 2 0
github.com/lukemurraynz/azd.extensions.drasi/internal/validation/schema.go:124.4,124.28 1 5
github.com/lukemurraynz/azd.extensions.drasi/internal/validation/schema.go:128.2,128.31 1 11
github.com/lukemurraynz/azd.extensions.drasi/internal/validation/schema.go:131.44,133.16 2 11
github.com/lukemurraynz/azd.extensions.drasi/internal/validation/schema.go:133.16,135.3 1 0
github.com/lukemurraynz/azd.extensions.drasi/internal/validation/schema.go:137.2,138.49 2 11
github.com/lukemurraynz/azd.extensions.drasi/internal/validation/schema.go:138.49,140.3 1 0
github.com/lukemurraynz/azd.extensions.drasi/internal/validation/schema.go:143.2,145.22 3 11
github.com/lukemurraynz/azd.extensions.drasi/internal/validation/schema.go:145.22,146.15 1 74
github.com/lukemurraynz/azd.extensions.drasi/internal/validation/schema.go:146.15,148.4 1 11
github.com/lukemurraynz/azd.extensions.drasi/internal/validation/schema.go:150.2,150.10 1 11
github.com/lukemurraynz/azd.extensions.drasi/internal/validation/validator.go:12.77,14.16 2 6
github.com/lukemurraynz/azd.extensions.drasi/internal/validation/validator.go:14.16,16.3 1 0
github.com/lukemurraynz/azd.extensions.drasi/internal/validation/validator.go:18.2,19.16 2 6
github.com/lukemurraynz/azd.extensions.drasi/internal/validation/validator.go:19.16,21.3 1 0
github.com/lukemurraynz/azd.extensions.drasi/internal/validation/validator.go:23.2,24.19 2 6
github.com/lukemurraynz/azd.extensions.drasi/internal/validation/validator.go:24.19,26.52 2 2
github.com/lukemurraynz/azd.extensions.drasi/internal/validation/validator.go:26.52,28.4 1 2
github.com/lukemurraynz/azd.extensions.drasi/internal/validation/validator.go:29.3,29.74 1 2
github.com/lukemurraynz/azd.extensions.drasi/internal/validation/validator.go:32.2,32.35 1 6
github.com/lukemurraynz/azd.extensions.drasi/internal/validation/validator.go:32.35,35.23 3 2
github.com/lukemurraynz/azd.extensions.drasi/internal/validation/validator.go:36.48,37.123 1 0
github.com/lukemurraynz/azd.extensions.drasi/internal/validation/validator.go:38.48,39.110 1 1
github.com/lukemurraynz/azd.extensions.drasi/internal/validation/validator.go:40.11,41.51 1 0
github.com/lukemurraynz/azd.extensions.drasi/internal/validation/validator.go:44.3,51.5 1 2
github.com/lukemurraynz/azd.extensions.drasi/internal/validation/validator.go:54.2,54.42 1 6
github.com/lukemurraynz/azd.extensions.drasi/internal/validation/validator.go:54.42,56.3 1 3
github.com/lukemurraynz/azd.extensions.drasi/internal/validation/validator.go:57.2,57.41 1 6
github.com/lukemurraynz/azd.extensions.drasi/internal/validation/validator.go:57.41,59.3 1 5
github.com/lukemurraynz/azd.extensions.drasi/internal/validation/validator.go:60.2,60.46 1 6
github.com/lukemurraynz/azd.extensions.drasi/internal/validation/validator.go:60.46,62.3 1 1
github.com/lukemurraynz/azd.extensions.drasi/internal/validation/validator.go:63.2,63.50 1 6
github.com/lukemurraynz/azd.extensions.drasi/internal/validation/validator.go:63.50,65.3 1 0
github.com/lukemurraynz/azd.extensions.drasi/internal/validation/validator.go:67.2,71.20 4 6
github.com/lukemurraynz/azd.extensions.drasi/internal/config/loader.go:21.3,24.16 3 8
github.com/lukemurraynz/azd.extensions.drasi/internal/config/loader.go:24.16,26.3 1 1
github.com/lukemurraynz/azd.extensions.drasi/internal/config/loader.go:27.2,27.56 1 7
github.com/lukemurraynz/azd.extensions.drasi/internal/config/loader.go:27.56,29.3 1 1
github.com/lukemurraynz/azd.extensions.drasi/internal/config/loader.go:31.2,31.44 1 6
github.com/lukemurraynz/azd.extensions.drasi/internal/config/loader.go:31.44,33.17 2 16
github.com/lukemurraynz/azd.extensions.drasi/internal/config/loader.go:33.17,35.4 1 0
github.com/lukemurraynz/azd.extensions.drasi/internal/config/loader.go:37.3,37.33 1 16
github.com/lukemurraynz/azd.extensions.drasi/internal/config/loader.go:37.33,39.18 2 16
github.com/lukemurraynz/azd.extensions.drasi/internal/config/loader.go:39.18,41.5 1 0
github.com/lukemurraynz/azd.extensions.drasi/internal/config/loader.go:43.4,43.24 1 16
github.com/lukemurraynz/azd.extensions.drasi/internal/config/loader.go:44.19,46.19 2 6
github.com/lukemurraynz/azd.extensions.drasi/internal/config/loader.go:46.19,48.6 1 0
github.com/lukemurraynz/azd.extensions.drasi/internal/config/loader.go:49.5,49.38 1 6
github.com/lukemurraynz/azd.extensions.drasi/internal/config/loader.go:50.19,52.19 2 5
github.com/lukemurraynz/azd.extensions.drasi/internal/config/loader.go:52.19,54.6 1 0
github.com/lukemurraynz/azd.extensions.drasi/internal/config/loader.go:55.5,55.37 1 5
github.com/lukemurraynz/azd.extensions.drasi/internal/config/loader.go:56.21,58.19 2 5
github.com/lukemurraynz/azd.extensions.drasi/internal/config/loader.go:58.19,60.6 1 0
github.com/lukemurraynz/azd.extensions.drasi/internal/config/loader.go:61.5,61.44 1 5
github.com/lukemurraynz/azd.extensions.drasi/internal/config/loader.go:62.23,64.19 2 0
github.com/lukemurraynz/azd.extensions.drasi/internal/config/loader.go:64.19,66.6 1 0
github.com/lukemurraynz/azd.extensions.drasi/internal/config/loader.go:67.5,67.50 1 0
github.com/lukemurraynz/azd.extensions.drasi/internal/config/loader.go:72.2,72.64 1 6
github.com/lukemurraynz/azd.extensions.drasi/internal/config/loader.go:75.51,77.16 2 6
github.com/lukemurraynz/azd.extensions.drasi/internal/config/loader.go:77.16,79.3 1 0
github.com/lukemurraynz/azd.extensions.drasi/internal/config/loader.go:80.2,81.45 2 6
github.com/lukemurraynz/azd.extensions.drasi/internal/config/loader.go:81.45,83.3 1 0
github.com/lukemurraynz/azd.extensions.drasi/internal/config/loader.go:84.2,86.20 3 6
github.com/lukemurraynz/azd.extensions.drasi/internal/config/loader.go:89.59,91.16 2 5
github.com/lukemurraynz/azd.extensions.drasi/internal/config/loader.go:91.16,93.3 1 0
github.com/lukemurraynz/azd.extensions.drasi/internal/config/loader.go:94.2,95.44 2 5
github.com/lukemurraynz/azd.extensions.drasi/internal/config/loader.go:95.44,97.3 1 0
github.com/lukemurraynz/azd.extensions.drasi/internal/config/loader.go:99.2,99.55 1 5
github.com/lukemurraynz/azd.extensions.drasi/internal/config/loader.go:99.55,101.3 1 5
github.com/lukemurraynz/azd.extensions.drasi/internal/config/loader.go:102.2,105.19 4 5
github.com/lukemurraynz/azd.extensions.drasi/internal/config/loader.go:108.55,110.16 2 5
github.com/lukemurraynz/azd.extensions.drasi/internal/config/loader.go:110.16,112.3 1 0
github.com/lukemurraynz/azd.extensions.drasi/internal/config/loader.go:113.2,114.47 2 5
github.com/lukemurraynz/azd.extensions.drasi/internal/config/loader.go:114.47,116.3 1 0
github.com/lukemurraynz/azd.extensions.drasi/internal/config/loader.go:117.2,119.22 3 5
github.com/lukemurraynz/azd.extensions.drasi/internal/config/loader.go:122.59,124.16 2 0
github.com/lukemurraynz/azd.extensions.drasi/internal/config/loader.go:124.16,126.3 1 0
github.com/lukemurraynz/azd.extensions.drasi/internal/config/loader.go:127.2,128.49 2 0
github.com/lukemurraynz/azd.extensions.drasi/internal/config/loader.go:128.49,130.3 1 0
github.com/lukemurraynz/azd.extensions.drasi/internal/config/loader.go:131.2,133.24 3 0
github.com/lukemurraynz/azd.extensions.drasi/internal/config/loader.go:136.50,138.16 2 16
github.com/lukemurraynz/azd.extensions.drasi/internal/config/loader.go:138.16,140.3 1 0
github.com/lukemurraynz/azd.extensions.drasi/internal/config/loader.go:142.2,143.56 2 16
github.com/lukemurraynz/azd.extensions.drasi/internal/config/loader.go:143.56,145.3 1 0
github.com/lukemurraynz/azd.extensions.drasi/internal/config/loader.go:146.2,146.69 1 16
github.com/lukemurraynz/azd.extensions.drasi/internal/config/loader.go:146.69,148.3 1 16
github.com/lukemurraynz/azd.extensions.drasi/internal/config/loader.go:149.2,149.23 1 0
github.com/lukemurraynz/azd.extensions.drasi/internal/config/loader.go:152.66,154.48 2 16
github.com/lukemurraynz/azd.extensions.drasi/internal/config/loader.go:154.48,156.17 2 0
github.com/lukemurraynz/azd.extensions.drasi/internal/config/loader.go:156.17,158.4 1 0
github.com/lukemurraynz/azd.extensions.drasi/internal/config/loader.go:159.3,160.22 2 0
github.com/lukemurraynz/azd.extensions.drasi/internal/config/loader.go:163.2,165.86 3 16
github.com/lukemurraynz/azd.extensions.drasi/internal/config/loader.go:165.86,166.21 1 32
github.com/lukemurraynz/azd.extensions.drasi/internal/config/loader.go:166.21,168.4 1 0
github.com/lukemurraynz/azd.extensions.drasi/internal/config/loader.go:169.3,169.16 1 32
github.com/lukemurraynz/azd.extensions.drasi/internal/config/loader.go:169.16,171.4 1 16
github.com/lukemurraynz/azd.extensions.drasi/internal/config/loader.go:172.3,173.17 2 16
github.com/lukemurraynz/azd.extensions.drasi/internal/config/loader.go:173.17,175.4 1 0
github.com/lukemurraynz/azd.extensions.drasi/internal/config/loader.go:176.3,176.71 1 16
github.com/lukemurraynz/azd.extensions.drasi/internal/config/loader.go:176.71,178.4 1 16
github.com/lukemurraynz/azd.extensions.drasi/internal/config/loader.go:179.3,179.13 1 16
github.com/lukemurraynz/azd.extensions.drasi/internal/config/loader.go:181.2,181.16 1 16
github.com/lukemurraynz/azd.extensions.drasi/internal/config/loader.go:181.16,183.3 1 0
github.com/lukemurraynz/azd.extensions.drasi/internal/config/loader.go:184.2,185.21 2 16
github.com/lukemurraynz/azd.extensions.drasi/internal/config/loader.go:188.46,190.13 2 16
github.com/lukemurraynz/azd.extensions.drasi/internal/config/loader.go:190.13,192.3 1 0
github.com/lukemurraynz/azd.extensions.drasi/internal/config/loader.go:193.2,194.18 2 16
github.com/lukemurraynz/azd.extensions.drasi/internal/config/loader.go:194.18,196.3 1 0
github.com/lukemurraynz/azd.extensions.drasi/internal/config/loader.go:197.2,197.55 1 16
github.com/lukemurraynz/azd.extensions.drasi/internal/config/loader.go:200.57,204.2 3 16
github.com/lukemurraynz/azd.extensions.drasi/internal/config/loader.go:206.42,209.29 3 32
github.com/lukemurraynz/azd.extensions.drasi/internal/config/loader.go:209.29,210.17 1 80
github.com/lukemurraynz/azd.extensions.drasi/internal/config/loader.go:210.17,212.4 1 80
github.com/lukemurraynz/azd.extensions.drasi/internal/config/loader.go:214.2,214.17 1 32
github.com/lukemurraynz/azd.extensions.drasi/internal/config/loader.go:217.64,218.28 1 64
github.com/lukemurraynz/azd.extensions.drasi/internal/config/loader.go:218.28,220.3 1 16
github.com/lukemurraynz/azd.extensions.drasi/internal/config/loader.go:222.2,222.29 1 48
github.com/lukemurraynz/azd.extensions.drasi/internal/config/loader.go:222.29,223.54 1 16
github.com/lukemurraynz/azd.extensions.drasi/internal/config/loader.go:223.54,225.4 1 16
github.com/lukemurraynz/azd.extensions.drasi/internal/config/loader.go:226.3,226.29 1 0
github.com/lukemurraynz/azd.extensions.drasi/internal/config/loader.go:226.29,227.61 1 0
github.com/lukemurraynz/azd.extensions.drasi/internal/config/loader.go:227.61,229.5 1 0
github.com/lukemurraynz/azd.extensions.drasi/internal/config/loader.go:231.3,231.15 1 0
github.com/lukemurraynz/azd.extensions.drasi/internal/config/loader.go:234.2,234.26 1 32
github.com/lukemurraynz/azd.extensions.drasi/internal/config/loader.go:234.26,236.3 1 0
github.com/lukemurraynz/azd.extensions.drasi/internal/config/loader.go:238.2,239.28 2 32
github.com/lukemurraynz/azd.extensions.drasi/internal/config/loader.go:239.28,241.3 1 0
github.com/lukemurraynz/azd.extensions.drasi/internal/config/loader.go:242.2,242.60 1 32
github.com/lukemurraynz/azd.extensions.drasi/internal/config/model.go:169.54,171.34 1 14
github.com/lukemurraynz/azd.extensions.drasi/internal/config/model.go:171.34,174.3 2 1
github.com/lukemurraynz/azd.extensions.drasi/internal/config/model.go:177.2,183.45 3 13
github.com/lukemurraynz/azd.extensions.drasi/internal/config/model.go:183.45,185.3 1 0
github.com/lukemurraynz/azd.extensions.drasi/internal/config/model.go:186.2,189.12 4 13
github.com/lukemurraynz/azd.extensions.drasi/internal/config/model.go:236.42,239.2 2 0
github.com/lukemurraynz/azd.extensions.drasi/internal/config/resolver.go:22.47,33.19 3 9
github.com/lukemurraynz/azd.extensions.drasi/internal/config/resolver.go:33.19,35.9 2 6
github.com/lukemurraynz/azd.extensions.drasi/internal/config/resolver.go:35.9,38.18 3 6
github.com/lukemurraynz/azd.extensions.drasi/internal/config/resolver.go:38.18,40.5 1 0
github.com/lukemurraynz/azd.extensions.drasi/internal/config/resolver.go:42.4,43.61 2 6
github.com/lukemurraynz/azd.extensions.drasi/internal/config/resolver.go:43.61,45.5 1 0
github.com/lukemurraynz/azd.extensions.drasi/internal/config/resolver.go:46.4,48.44 2 6
github.com/lukemurraynz/azd.extensions.drasi/internal/config/resolver.go:48.44,51.39 1 4
github.com/lukemurraynz/azd.extensions.drasi/internal/config/resolver.go:51.39,56.6 1 1
github.com/lukemurraynz/azd.extensions.drasi/internal/config/resolver.go:59.4,59.145 1 6
github.com/lukemurraynz/azd.extensions.drasi/internal/config/resolver.go:66.2,66.51 1 9
github.com/lukemurraynz/azd.extensions.drasi/internal/config/resolver.go:66.51,66.109 1 1
github.com/lukemurraynz/azd.extensions.drasi/internal/config/resolver.go:67.2,67.51 1 9
github.com/lukemurraynz/azd.extensions.drasi/internal/config/resolver.go:67.51,67.109 1 0
github.com/lukemurraynz/azd.extensions.drasi/internal/config/resolver.go:68.2,68.53 1 9
github.com/lukemurraynz/azd.extensions.drasi/internal/config/resolver.go:68.53,68.115 1 0
github.com/lukemurraynz/azd.extensions.drasi/internal/config/resolver.go:69.2,69.55 1 9
github.com/lukemurraynz/azd.extensions.drasi/internal/config/resolver.go:69.55,69.121 1 0
github.com/lukemurraynz/azd.extensions.drasi/internal/config/resolver.go:71.2,71.54 1 9
github.com/lukemurraynz/azd.extensions.drasi/internal/config/resolver.go:71.54,73.63 2 4
github.com/lukemurraynz/azd.extensions.drasi/internal/config/resolver.go:73.63,76.4 2 4
github.com/lukemurraynz/azd.extensions.drasi/internal/config/resolver.go:78.3,81.77 4 4
github.com/lukemurraynz/azd.extensions.drasi/internal/config/resolver.go:84.2,84.32 1 9
github.com/lukemurraynz/azd.extensions.drasi/internal/config/resolver.go:94.20,95.24 1 6
github.com/lukemurraynz/azd.extensions.drasi/internal/config/resolver.go:95.24,97.3 1 2
github.com/lukemurraynz/azd.extensions.drasi/internal/config/resolver.go:99.2,107.33 3 4
github.com/lukemurraynz/azd.extensions.drasi/internal/config/resolver.go:107.33,109.3 1 5
github.com/lukemurraynz/azd.extensions.drasi/internal/config/resolver.go:110.2,110.32 1 4
github.com/lukemurraynz/azd.extensions.drasi/internal/config/resolver.go:110.32,112.3 1 4
github.com/lukemurraynz/azd.extensions.drasi/internal/config/resolver.go:113.2,113.37 1 4
github.com/lukemurraynz/azd.extensions.drasi/internal/config/resolver.go:113.37,115.3 1 4
github.com/lukemurraynz/azd.extensions.drasi/internal/config/resolver.go:116.2,116.41 1 4
github.com/lukemurraynz/azd.extensions.drasi/internal/config/resolver.go:116.41,118.3 1 4
github.com/lukemurraynz/azd.extensions.drasi/internal/config/resolver.go:120.2,121.31 2 4
github.com/lukemurraynz/azd.extensions.drasi/internal/config/resolver.go:121.31,123.24 2 4
github.com/lukemurraynz/azd.extensions.drasi/internal/config/resolver.go:123.24,128.12 2 0
github.com/lukemurraynz/azd.extensions.drasi/internal/config/resolver.go:131.3,132.21 2 4
github.com/lukemurraynz/azd.extensions.drasi/internal/config/resolver.go:132.21,137.4 1 1
github.com/lukemurraynz/azd.extensions.drasi/internal/config/resolver.go:140.2,140.17 1 4
github.com/lukemurraynz/azd.extensions.drasi/internal/config/resolver.go:143.43,145.2 1 42
github.com/lukemurraynz/azd.extensions.drasi/internal/config/resolver.go:147.75,149.33 2 4
github.com/lukemurraynz/azd.extensions.drasi/internal/config/resolver.go:149.33,150.53 1 5
github.com/lukemurraynz/azd.extensions.drasi/internal/config/resolver.go:150.53,152.4 1 4
github.com/lukemurraynz/azd.extensions.drasi/internal/config/resolver.go:154.2,154.15 1 4
github.com/lukemurraynz/azd.extensions.drasi/internal/config/resolver.go:157.93,159.32 2 4
github.com/lukemurraynz/azd.extensions.drasi/internal/config/resolver.go:159.32,160.61 1 4
github.com/lukemurraynz/azd.extensions.drasi/internal/config/resolver.go:160.61,162.4 1 3
github.com/lukemurraynz/azd.extensions.drasi/internal/config/resolver.go:164.2,164.15 1 4
github.com/lukemurraynz/azd.extensions.drasi/internal/config/resolver.go:167.83,169.37 2 4
github.com/lukemurraynz/azd.extensions.drasi/internal/config/resolver.go:169.37,170.57 1 4
github.com/lukemurraynz/azd.extensions.drasi/internal/config/resolver.go:170.57,172.4 1 3
github.com/lukemurraynz/azd.extensions.drasi/internal/config/resolver.go:174.2,174.15 1 4
github.com/lukemurraynz/azd.extensions.drasi/internal/config/resolver.go:177.91,179.41 2 4
github.com/lukemurraynz/azd.extensions.drasi/internal/config/resolver.go:179.41,180.61 1 4
github.com/lukemurraynz/azd.extensions.drasi/internal/config/resolver.go:180.61,182.4 1 4
github.com/lukemurraynz/azd.extensions.drasi/internal/config/resolver.go:184.2,184.15 1 4
github.com/lukemurraynz/azd.extensions.drasi/internal/scaffold/engine.go:17.77,21.55 2 11
github.com/lukemurraynz/azd.extensions.drasi/internal/scaffold/engine.go:21.55,23.3 1 1
github.com/lukemurraynz/azd.extensions.drasi/internal/scaffold/engine.go:25.2,27.94 2 10
github.com/lukemurraynz/azd.extensions.drasi/internal/scaffold/engine.go:27.94,28.17 1 197
github.com/lukemurraynz/azd.extensions.drasi/internal/scaffold/engine.go:28.17,30.4 1 0
github.com/lukemurraynz/azd.extensions.drasi/internal/scaffold/engine.go:31.3,31.16 1 197
github.com/lukemurraynz/azd.extensions.drasi/internal/scaffold/engine.go:31.16,33.4 1 89
github.com/lukemurraynz/azd.extensions.drasi/internal/scaffold/engine.go:36.3,41.20 4 108
github.com/lukemurraynz/azd.extensions.drasi/internal/scaffold/engine.go:41.20,43.4 1 0
github.com/lukemurraynz/azd.extensions.drasi/internal/scaffold/engine.go:44.3,45.24 2 108
github.com/lukemurraynz/azd.extensions.drasi/internal/scaffold/engine.go:45.24,47.4 1 0
github.com/lukemurraynz/azd.extensions.drasi/internal/scaffold/engine.go:48.3,49.102 2 108
github.com/lukemurraynz/azd.extensions.drasi/internal/scaffold/engine.go:49.102,51.4 1 0
github.com/lukemurraynz/azd.extensions.drasi/internal/scaffold/engine.go:54.3,54.66 1 108
github.com/lukemurraynz/azd.extensions.drasi/internal/scaffold/engine.go:54.66,56.4 1 1
github.com/lukemurraynz/azd.extensions.drasi/internal/scaffold/engine.go:59.3,59.73 1 107
github.com/lukemurraynz/azd.extensions.drasi/internal/scaffold/engine.go:59.73,61.4 1 0
github.com/lukemurraynz/azd.extensions.drasi/internal/scaffold/engine.go:63.3,64.21 2 107
github.com/lukemurraynz/azd.extensions.drasi/internal/scaffold/engine.go:64.21,66.4 1 0
github.com/lukemurraynz/azd.extensions.drasi/internal/scaffold/engine.go:67.3,67.72 1 107
github.com/lukemurraynz/azd.extensions.drasi/internal/scaffold/engine.go:67.72,69.4 1 0
github.com/lukemurraynz/azd.extensions.drasi/internal/scaffold/engine.go:72.3,73.13 2 107
github.com/lukemurraynz/azd.extensions.drasi/internal/scaffold/engine.go:76.2,76.20 1 10
github.com/lukemurraynz/azd.extensions.drasi/internal/scaffold/engine.go:76.20,78.3 1 1
github.com/lukemurraynz/azd.extensions.drasi/internal/scaffold/engine.go:80.2,80.21 1 9
github.com/lukemurraynz/azd.extensions.drasi/main.go:13.13,18.2 4 0
github.com/lukemurraynz/azd.extensions.drasi/cmd/check.go:34.99,43.3 7 0
github.com/lukemurraynz/azd.extensions.drasi/cmd/check.go:68.39,72.55 1 108
github.com/lukemurraynz/azd.extensions.drasi/cmd/check.go:72.55,77.18 4 3
github.com/lukemurraynz/azd.extensions.drasi/cmd/check.go:77.18,79.5 1 0
github.com/lukemurraynz/azd.extensions.drasi/cmd/check.go:80.4,81.17 2 3
github.com/lukemurraynz/azd.extensions.drasi/cmd/check.go:81.17,81.40 1 3
github.com/lukemurraynz/azd.extensions.drasi/cmd/check.go:83.4,99.29 5 3
github.com/lukemurraynz/azd.extensions.drasi/cmd/check.go:99.29,101.5 1 1
github.com/lukemurraynz/azd.extensions.drasi/cmd/check.go:103.4,103.35 1 3
github.com/lukemurraynz/azd.extensions.drasi/cmd/check.go:103.35,105.5 1 1
github.com/lukemurraynz/azd.extensions.drasi/cmd/check.go:105.10,107.5 1 2
github.com/lukemurraynz/azd.extensions.drasi/cmd/check.go:109.4,109.30 1 3
github.com/lukemurraynz/azd.extensions.drasi/cmd/check.go:109.30,111.5 1 2
github.com/lukemurraynz/azd.extensions.drasi/cmd/check.go:113.4,120.5 1 1
github.com/lukemurraynz/azd.extensions.drasi/cmd/check.go:133.21,137.16 3 12
github.com/lukemurraynz/azd.extensions.drasi/cmd/check.go:137.16,145.3 1 1
github.com/lukemurraynz/azd.extensions.drasi/cmd/check.go:147.2,148.16 2 11
github.com/lukemurraynz/azd.extensions.drasi/cmd/check.go:148.16,156.3 1 0
github.com/lukemurraynz/azd.extensions.drasi/cmd/check.go:158.2,159.16 2 11
github.com/lukemurraynz/azd.extensions.drasi/cmd/check.go:159.16,167.3 1 0
github.com/lukemurraynz/azd.extensions.drasi/cmd/check.go:168.2,168.9 1 11
github.com/lukemurraynz/azd.extensions.drasi/cmd/check.go:168.9,176.3 1 0
github.com/lukemurraynz/azd.extensions.drasi/cmd/check.go:178.2,184.3 1 11
github.com/lukemurraynz/azd.extensions.drasi/cmd/check.go:195.21,199.16 3 3
github.com/lukemurraynz/azd.extensions.drasi/cmd/check.go:199.16,207.3 1 0
github.com/lukemurraynz/azd.extensions.drasi/cmd/check.go:209.2,210.16 2 3
github.com/lukemurraynz/azd.extensions.drasi/cmd/check.go:210.16,218.3 1 0
github.com/lukemurraynz/azd.extensions.drasi/cmd/check.go:220.2,226.3 1 3
github.com/lukemurraynz/azd.extensions.drasi/cmd/check.go:229.73,231.16 2 3
github.com/lukemurraynz/azd.extensions.drasi/cmd/check.go:231.16,233.22 2 0
github.com/lukemurraynz/azd.extensions.drasi/cmd/check.go:233.22,235.4 1 0
github.com/lukemurraynz/azd.extensions.drasi/cmd/check.go:236.3,236.71 1 0
github.com/lukemurraynz/azd.extensions.drasi/cmd/check.go:239.2,240.21 2 3
github.com/lukemurraynz/azd.extensions.drasi/cmd/check.go:240.21,242.3 1 0
github.com/lukemurraynz/azd.extensions.drasi/cmd/check.go:244.2,244.21 1 3
github.com/lukemurraynz/azd.extensions.drasi/cmd/check.go:247.75,249.16 2 2
github.com/lukemurraynz/azd.extensions.drasi/cmd/check.go:249.16,251.3 1 0
github.com/lukemurraynz/azd.extensions.drasi/cmd/check.go:253.2,254.38 2 2
github.com/lukemurraynz/azd.extensions.drasi/cmd/check.go:254.38,256.3 1 0
github.com/lukemurraynz/azd.extensions.drasi/cmd/check.go:258.2,258.39 1 2
github.com/lukemurraynz/azd.extensions.drasi/cmd/check.go:261.78,263.16 2 3
github.com/lukemurraynz/azd.extensions.drasi/cmd/check.go:263.16,265.3 1 0
github.com/lukemurraynz/azd.extensions.drasi/cmd/check.go:267.2,268.66 2 3
github.com/lukemurraynz/azd.extensions.drasi/cmd/check.go:268.66,270.3 1 0
github.com/lukemurraynz/azd.extensions.drasi/cmd/check.go:271.2,271.48 1 3
github.com/lukemurraynz/azd.extensions.drasi/cmd/check.go:271.48,273.3 1 0
github.com/lukemurraynz/azd.extensions.drasi/cmd/check.go:275.2,275.49 1 3
github.com/lukemurraynz/azd.extensions.drasi/cmd/check.go:278.76,280.16 2 3
github.com/lukemurraynz/azd.extensions.drasi/cmd/check.go:280.16,282.22 2 0
github.com/lukemurraynz/azd.extensions.drasi/cmd/check.go:282.22,284.4 1 0
github.com/lukemurraynz/azd.extensions.drasi/cmd/check.go:285.3,285.76 1 0
github.com/lukemurraynz/azd.extensions.drasi/cmd/check.go:288.2,289.21 2 3
github.com/lukemurraynz/azd.extensions.drasi/cmd/check.go:289.21,291.3 1 0
github.com/lukemurraynz/azd.extensions.drasi/cmd/check.go:293.2,293.21 1 3
github.com/lukemurraynz/azd.extensions.drasi/cmd/check.go:296.77,298.16 2 3
github.com/lukemurraynz/azd.extensions.drasi/cmd/check.go:298.16,300.3 1 0
github.com/lukemurraynz/azd.extensions.drasi/cmd/check.go:302.2,303.66 2 3
github.com/lukemurraynz/azd.extensions.drasi/cmd/check.go:303.66,305.3 1 0
github.com/lukemurraynz/azd.extensions.drasi/cmd/check.go:307.2,307.64 1 3
github.com/lukemurraynz/azd.extensions.drasi/cmd/check.go:307.64,309.17 2 3
github.com/lukemurraynz/azd.extensions.drasi/cmd/check.go:309.17,311.4 1 0
github.com/lukemurraynz/azd.extensions.drasi/cmd/check.go:312.3,312.22 1 3
github.com/lukemurraynz/azd.extensions.drasi/cmd/check.go:315.2,317.32 3 0
github.com/lukemurraynz/azd.extensions.drasi/cmd/check.go:317.32,319.3 1 0
github.com/lukemurraynz/azd.extensions.drasi/cmd/check.go:321.2,321.66 1 0
github.com/lukemurraynz/azd.extensions.drasi/cmd/check.go:324.79,326.31 2 3
github.com/lukemurraynz/azd.extensions.drasi/cmd/check.go:326.31,327.33 1 15
github.com/lukemurraynz/azd.extensions.drasi/cmd/check.go:327.33,329.4 1 1
github.com/lukemurraynz/azd.extensions.drasi/cmd/check.go:331.2,331.15 1 3
github.com/lukemurraynz/azd.extensions.drasi/cmd/check.go:334.70,336.31 2 1
github.com/lukemurraynz/azd.extensions.drasi/cmd/check.go:336.31,338.3 1 1
github.com/lukemurraynz/azd.extensions.drasi/cmd/check.go:339.2,339.34 1 1
github.com/lukemurraynz/azd.extensions.drasi/cmd/check.go:342.50,344.19 2 0
github.com/lukemurraynz/azd.extensions.drasi/cmd/check.go:344.19,346.3 1 0
github.com/lukemurraynz/azd.extensions.drasi/cmd/check.go:347.2,347.16 1 0
github.com/lukemurraynz/azd.extensions.drasi/cmd/check.go:350.73,352.25 2 0
github.com/lukemurraynz/azd.extensions.drasi/cmd/check.go:352.25,354.3 1 0
github.com/lukemurraynz/azd.extensions.drasi/cmd/check.go:355.2,355.71 1 0
github.com/lukemurraynz/azd.extensions.drasi/cmd/check.go:358.55,360.20 2 9
github.com/lukemurraynz/azd.extensions.drasi/cmd/check.go:360.20,362.3 1 0
github.com/lukemurraynz/azd.extensions.drasi/cmd/check.go:363.2,363.40 1 9
github.com/lukemurraynz/azd.extensions.drasi/cmd/check.go:366.44,372.21 5 36
github.com/lukemurraynz/azd.extensions.drasi/cmd/check.go:372.21,374.3 1 0
github.com/lukemurraynz/azd.extensions.drasi/cmd/check.go:376.2,376.37 1 36
github.com/lukemurraynz/azd.extensions.drasi/cmd/check.go:379.38,381.26 2 0
github.com/lukemurraynz/azd.extensions.drasi/cmd/check.go:381.26,382.25 1 0
github.com/lukemurraynz/azd.extensions.drasi/cmd/check.go:382.25,383.12 1 0
github.com/lukemurraynz/azd.extensions.drasi/cmd/check.go:385.3,385.23 1 0
github.com/lukemurraynz/azd.extensions.drasi/cmd/check.go:387.2,387.25 1 0
github.com/lukemurraynz/azd.extensions.drasi/cmd/check.go:390.81,392.16 2 11
github.com/lukemurraynz/azd.extensions.drasi/cmd/check.go:392.16,394.3 1 0
github.com/lukemurraynz/azd.extensions.drasi/cmd/check.go:396.2,397.16 2 11
github.com/lukemurraynz/azd.extensions.drasi/cmd/check.go:397.16,399.3 1 0
github.com/lukemurraynz/azd.extensions.drasi/cmd/check.go:401.2,401.38 1 11
github.com/lukemurraynz/azd.extensions.drasi/cmd/check.go:404.57,406.15 2 2
github.com/lukemurraynz/azd.extensions.drasi/cmd/check.go:406.15,408.3 1 0
github.com/lukemurraynz/azd.extensions.drasi/cmd/check.go:410.2,411.55 2 2
github.com/lukemurraynz/azd.extensions.drasi/cmd/check.go:411.55,413.3 1 2
github.com/lukemurraynz/azd.extensions.drasi/cmd/check.go:415.2,415.51 1 2
github.com/lukemurraynz/azd.extensions.drasi/cmd/check.go:415.51,417.3 1 2
github.com/lukemurraynz/azd.extensions.drasi/cmd/check.go:419.2,419.66 1 2
github.com/lukemurraynz/azd.extensions.drasi/cmd/check.go:419.66,421.3 1 0
github.com/lukemurraynz/azd.extensions.drasi/cmd/check.go:422.2,423.16 2 2
github.com/lukemurraynz/azd.extensions.drasi/cmd/check.go:423.16,425.3 1 0
github.com/lukemurraynz/azd.extensions.drasi/cmd/check.go:427.2,427.13 1 2
github.com/lukemurraynz/azd.extensions.drasi/cmd/confirm.go:13.59,15.2 1 0
github.com/lukemurraynz/azd.extensions.drasi/cmd/confirm.go:18.29,21.2 2 3
github.com/lukemurraynz/azd.extensions.drasi/cmd/confirm.go:27.66,28.11 1 17
github.com/lukemurraynz/azd.extensions.drasi/cmd/confirm.go:28.11,30.3 1 9
github.com/lukemurraynz/azd.extensions.drasi/cmd/confirm.go:32.2,32.18 1 8
github.com/lukemurraynz/azd.extensions.drasi/cmd/confirm.go:32.18,37.3 1 6
github.com/lukemurraynz/azd.extensions.drasi/cmd/confirm.go:39.2,40.53 2 2
github.com/lukemurraynz/azd.extensions.drasi/cmd/confirm.go:40.53,42.3 1 0
github.com/lukemurraynz/azd.extensions.drasi/cmd/confirm.go:43.2,43.20 1 2
github.com/lukemurraynz/azd.extensions.drasi/cmd/deploy.go:19.40,29.55 6 108
github.com/lukemurraynz/azd.extensions.drasi/cmd/deploy.go:29.55,38.24 7 6
github.com/lukemurraynz/azd.extensions.drasi/cmd/deploy.go:38.24,40.19 2 2
github.com/lukemurraynz/azd.extensions.drasi/cmd/deploy.go:40.19,49.6 1 1
github.com/lukemurraynz/azd.extensions.drasi/cmd/deploy.go:52.4,53.26 2 5
github.com/lukemurraynz/azd.extensions.drasi/cmd/deploy.go:53.26,55.5 1 0
github.com/lukemurraynz/azd.extensions.drasi/cmd/deploy.go:56.4,57.17 2 5
github.com/lukemurraynz/azd.extensions.drasi/cmd/deploy.go:57.17,57.40 1 5
github.com/lukemurraynz/azd.extensions.drasi/cmd/deploy.go:59.4,62.18 3 5
github.com/lukemurraynz/azd.extensions.drasi/cmd/deploy.go:62.18,71.5 1 0
github.com/lukemurraynz/azd.extensions.drasi/cmd/deploy.go:72.4,75.18 3 5
github.com/lukemurraynz/azd.extensions.drasi/cmd/deploy.go:75.18,84.5 1 4
github.com/lukemurraynz/azd.extensions.drasi/cmd/deploy.go:86.4,87.18 2 1
github.com/lukemurraynz/azd.extensions.drasi/cmd/deploy.go:87.18,96.5 1 0
github.com/lukemurraynz/azd.extensions.drasi/cmd/deploy.go:98.4,104.18 5 1
github.com/lukemurraynz/azd.extensions.drasi/cmd/deploy.go:104.18,114.5 2 1
github.com/lukemurraynz/azd.extensions.drasi/cmd/deploy.go:115.4,115.36 1 0
github.com/lukemurraynz/azd.extensions.drasi/cmd/deploy.go:115.36,118.5 2 0
github.com/lukemurraynz/azd.extensions.drasi/cmd/deploy.go:120.4,121.18 2 0
github.com/lukemurraynz/azd.extensions.drasi/cmd/deploy.go:121.18,130.5 1 0
github.com/lukemurraynz/azd.extensions.drasi/cmd/deploy.go:132.4,133.18 2 0
github.com/lukemurraynz/azd.extensions.drasi/cmd/deploy.go:133.18,142.5 1 0
github.com/lukemurraynz/azd.extensions.drasi/cmd/deploy.go:144.4,145.56 2 0
github.com/lukemurraynz/azd.extensions.drasi/cmd/deploy.go:145.56,155.5 2 0
github.com/lukemurraynz/azd.extensions.drasi/cmd/deploy.go:157.4,161.18 4 0
github.com/lukemurraynz/azd.extensions.drasi/cmd/deploy.go:161.18,170.5 1 0
github.com/lukemurraynz/azd.extensions.drasi/cmd/deploy.go:171.4,171.14 1 0
github.com/lukemurraynz/azd.extensions.drasi/cmd/deploy.go:171.14,180.5 1 0
github.com/lukemurraynz/azd.extensions.drasi/cmd/deploy.go:183.4,183.114 1 0
github.com/lukemurraynz/azd.extensions.drasi/cmd/deploy.go:183.114,185.64 2 0
github.com/lukemurraynz/azd.extensions.drasi/cmd/deploy.go:185.64,187.6 1 0
github.com/lukemurraynz/azd.extensions.drasi/cmd/deploy.go:190.4,190.44 1 0
github.com/lukemurraynz/azd.extensions.drasi/cmd/deploy.go:190.44,199.5 1 0
github.com/lukemurraynz/azd.extensions.drasi/cmd/deploy.go:200.4,200.17 1 0
github.com/lukemurraynz/azd.extensions.drasi/cmd/deploy.go:200.17,201.59 1 0
github.com/lukemurraynz/azd.extensions.drasi/cmd/deploy.go:201.59,203.6 1 0
github.com/lukemurraynz/azd.extensions.drasi/cmd/deploy.go:206.4,215.19 3 0
github.com/lukemurraynz/azd.extensions.drasi/cmd/deploy.go:215.19,225.5 2 0
github.com/lukemurraynz/azd.extensions.drasi/cmd/deploy.go:227.4,236.14 4 0
github.com/lukemurraynz/azd.extensions.drasi/cmd/deploy.go:236.14,238.5 1 0
github.com/lukemurraynz/azd.extensions.drasi/cmd/deploy.go:241.4,252.35 3 0
github.com/lukemurraynz/azd.extensions.drasi/cmd/deploy.go:252.35,257.5 4 0
github.com/lukemurraynz/azd.extensions.drasi/cmd/deploy.go:259.4,261.14 2 0
github.com/lukemurraynz/azd.extensions.drasi/cmd/deploy.go:261.14,263.5 1 0
github.com/lukemurraynz/azd.extensions.drasi/cmd/deploy.go:263.10,265.5 1 0
github.com/lukemurraynz/azd.extensions.drasi/cmd/deploy.go:267.4,267.14 1 0
github.com/lukemurraynz/azd.extensions.drasi/cmd/deploy.go:271.2,277.12 6 108
github.com/lukemurraynz/azd.extensions.drasi/cmd/describe.go:19.57,21.2 1 0
github.com/lukemurraynz/azd.extensions.drasi/cmd/describe.go:23.42,30.55 3 108
github.com/lukemurraynz/azd.extensions.drasi/cmd/describe.go:30.55,34.77 3 7
github.com/lukemurraynz/azd.extensions.drasi/cmd/describe.go:34.77,39.5 1 3
github.com/lukemurraynz/azd.extensions.drasi/cmd/describe.go:41.4,42.18 2 4
github.com/lukemurraynz/azd.extensions.drasi/cmd/describe.go:42.18,47.5 2 0
github.com/lukemurraynz/azd.extensions.drasi/cmd/describe.go:50.4,51.41 2 4
github.com/lukemurraynz/azd.extensions.drasi/cmd/describe.go:51.41,53.5 1 1
github.com/lukemurraynz/azd.extensions.drasi/cmd/describe.go:55.4,56.51 2 4
github.com/lukemurraynz/azd.extensions.drasi/cmd/describe.go:56.51,61.5 2 1
github.com/lukemurraynz/azd.extensions.drasi/cmd/describe.go:63.4,64.25 2 3
github.com/lukemurraynz/azd.extensions.drasi/cmd/describe.go:64.25,66.5 1 3
github.com/lukemurraynz/azd.extensions.drasi/cmd/describe.go:66.10,68.5 1 0
github.com/lukemurraynz/azd.extensions.drasi/cmd/describe.go:69.4,69.18 1 3
github.com/lukemurraynz/azd.extensions.drasi/cmd/describe.go:69.18,75.5 2 1
github.com/lukemurraynz/azd.extensions.drasi/cmd/describe.go:77.4,77.35 1 2
github.com/lukemurraynz/azd.extensions.drasi/cmd/describe.go:77.35,86.5 3 1
github.com/lukemurraynz/azd.extensions.drasi/cmd/describe.go:88.4,89.14 2 1
github.com/lukemurraynz/azd.extensions.drasi/cmd/describe.go:93.2,96.12 3 108
github.com/lukemurraynz/azd.extensions.drasi/cmd/diagnose.go:28.57,30.2 1 1
github.com/lukemurraynz/azd.extensions.drasi/cmd/diagnose.go:32.85,34.42 2 1
github.com/lukemurraynz/azd.extensions.drasi/cmd/diagnose.go:34.42,36.3 1 0
github.com/lukemurraynz/azd.extensions.drasi/cmd/diagnose.go:37.2,38.12 2 1
github.com/lukemurraynz/azd.extensions.drasi/cmd/diagnose.go:41.39,44.2 2 1
github.com/lukemurraynz/azd.extensions.drasi/cmd/diagnose.go:46.42,50.55 1 108
github.com/lukemurraynz/azd.extensions.drasi/cmd/diagnose.go:50.55,54.18 4 11
github.com/lukemurraynz/azd.extensions.drasi/cmd/diagnose.go:54.18,57.5 2 1
github.com/lukemurraynz/azd.extensions.drasi/cmd/diagnose.go:59.4,61.70 2 10
github.com/lukemurraynz/azd.extensions.drasi/cmd/diagnose.go:61.70,70.5 1 0
github.com/lukemurraynz/azd.extensions.drasi/cmd/diagnose.go:71.4,79.56 3 10
github.com/lukemurraynz/azd.extensions.drasi/cmd/diagnose.go:79.56,89.5 2 0
github.com/lukemurraynz/azd.extensions.drasi/cmd/diagnose.go:90.4,97.47 2 10
github.com/lukemurraynz/azd.extensions.drasi/cmd/diagnose.go:97.47,106.5 1 0
github.com/lukemurraynz/azd.extensions.drasi/cmd/diagnose.go:107.4,115.22 3 10
github.com/lukemurraynz/azd.extensions.drasi/cmd/diagnose.go:115.22,124.5 1 1
github.com/lukemurraynz/azd.extensions.drasi/cmd/diagnose.go:125.4,125.18 1 9
github.com/lukemurraynz/azd.extensions.drasi/cmd/diagnose.go:125.18,134.5 1 1
github.com/lukemurraynz/azd.extensions.drasi/cmd/diagnose.go:135.4,142.25 2 8
github.com/lukemurraynz/azd.extensions.drasi/cmd/diagnose.go:142.25,144.5 1 8
github.com/lukemurraynz/azd.extensions.drasi/cmd/diagnose.go:144.10,146.5 1 0
github.com/lukemurraynz/azd.extensions.drasi/cmd/diagnose.go:147.4,147.18 1 8
github.com/lukemurraynz/azd.extensions.drasi/cmd/diagnose.go:147.18,157.5 2 1
github.com/lukemurraynz/azd.extensions.drasi/cmd/diagnose.go:158.4,167.42 3 7
github.com/lukemurraynz/azd.extensions.drasi/cmd/diagnose.go:167.42,174.5 1 5
github.com/lukemurraynz/azd.extensions.drasi/cmd/diagnose.go:174.10,176.21 2 2
github.com/lukemurraynz/azd.extensions.drasi/cmd/diagnose.go:176.21,179.6 2 1
github.com/lukemurraynz/azd.extensions.drasi/cmd/diagnose.go:180.5,181.29 2 2
github.com/lukemurraynz/azd.extensions.drasi/cmd/diagnose.go:181.29,183.6 1 1
github.com/lukemurraynz/azd.extensions.drasi/cmd/diagnose.go:184.5,184.131 1 2
github.com/lukemurraynz/azd.extensions.drasi/cmd/diagnose.go:188.4,190.74 3 7
github.com/lukemurraynz/azd.extensions.drasi/cmd/diagnose.go:190.74,197.5 1 5
github.com/lukemurraynz/azd.extensions.drasi/cmd/diagnose.go:197.10,199.21 2 2
github.com/lukemurraynz/azd.extensions.drasi/cmd/diagnose.go:199.21,202.6 2 1
github.com/lukemurraynz/azd.extensions.drasi/cmd/diagnose.go:203.5,204.29 2 2
github.com/lukemurraynz/azd.extensions.drasi/cmd/diagnose.go:204.29,206.6 1 1
github.com/lukemurraynz/azd.extensions.drasi/cmd/diagnose.go:207.5,207.130 1 2
github.com/lukemurraynz/azd.extensions.drasi/cmd/diagnose.go:210.4,211.35 2 7
github.com/lukemurraynz/azd.extensions.drasi/cmd/diagnose.go:211.35,214.5 2 7
github.com/lukemurraynz/azd.extensions.drasi/cmd/diagnose.go:216.4,217.14 2 0
github.com/lukemurraynz/azd.extensions.drasi/cmd/diagnose.go:221.2,221.12 1 108
github.com/lukemurraynz/azd.extensions.drasi/cmd/diagnose.go:224.87,226.42 2 1
github.com/lukemurraynz/azd.extensions.drasi/cmd/diagnose.go:226.42,228.3 1 0
github.com/lukemurraynz/azd.extensions.drasi/cmd/diagnose.go:229.2,230.16 2 1
github.com/lukemurraynz/azd.extensions.drasi/cmd/diagnose.go:230.16,232.3 1 1
github.com/lukemurraynz/azd.extensions.drasi/cmd/diagnose.go:233.2,234.19 2 0
github.com/lukemurraynz/azd.extensions.drasi/cmd/diagnose.go:234.19,236.3 1 0
github.com/lukemurraynz/azd.extensions.drasi/cmd/diagnose.go:237.2,237.50 1 0
github.com/lukemurraynz/azd.extensions.drasi/cmd/diagnose.go:241.91,243.16 2 0
github.com/lukemurraynz/azd.extensions.drasi/cmd/diagnose.go:243.16,245.3 1 0
github.com/lukemurraynz/azd.extensions.drasi/cmd/diagnose.go:246.2,246.72 1 0
github.com/lukemurraynz/azd.extensions.drasi/cmd/diagnose.go:250.114,254.16 2 0
github.com/lukemurraynz/azd.extensions.drasi/cmd/diagnose.go:254.16,256.3 1 0
github.com/lukemurraynz/azd.extensions.drasi/cmd/diagnose.go:257.2,257.90 1 0
github.com/lukemurraynz/azd.extensions.drasi/cmd/init.go:12.38,21.55 5 108
github.com/lukemurraynz/azd.extensions.drasi/cmd/init.go:21.55,25.18 3 13
github.com/lukemurraynz/azd.extensions.drasi/cmd/init.go:25.18,27.5 1 2
github.com/lukemurraynz/azd.extensions.drasi/cmd/init.go:29.4,29.49 1 11
github.com/lukemurraynz/azd.extensions.drasi/cmd/init.go:29.49,34.5 4 1
github.com/lukemurraynz/azd.extensions.drasi/cmd/init.go:36.4,37.28 2 10
github.com/lukemurraynz/azd.extensions.drasi/cmd/init.go:37.28,39.5 1 112
github.com/lukemurraynz/azd.extensions.drasi/cmd/init.go:40.4,40.14 1 10
github.com/lukemurraynz/azd.extensions.drasi/cmd/init.go:44.2,50.16 5 108
github.com/lukemurraynz/azd.extensions.drasi/cmd/listen.go:15.54,18.2 2 0
github.com/lukemurraynz/azd.extensions.drasi/cmd/listen.go:27.40,28.66 1 108
github.com/lukemurraynz/azd.extensions.drasi/cmd/listen.go:28.66,33.3 1 0
github.com/lukemurraynz/azd.extensions.drasi/cmd/listen.go:36.84,38.40 2 2
github.com/lukemurraynz/azd.extensions.drasi/cmd/listen.go:38.40,40.3 1 0
github.com/lukemurraynz/azd.extensions.drasi/cmd/listen.go:41.2,43.92 2 2
github.com/lukemurraynz/azd.extensions.drasi/cmd/listen.go:43.92,49.3 2 1
github.com/lukemurraynz/azd.extensions.drasi/cmd/listen.go:51.2,52.12 2 1
github.com/lukemurraynz/azd.extensions.drasi/cmd/listen.go:55.80,57.40 2 4
github.com/lukemurraynz/azd.extensions.drasi/cmd/listen.go:57.40,59.3 1 0
github.com/lukemurraynz/azd.extensions.drasi/cmd/listen.go:60.2,63.16 3 4
github.com/lukemurraynz/azd.extensions.drasi/cmd/listen.go:63.16,69.3 2 1
[...]
github.com/lukemurraynz/azd.extensions.drasi/cmd/provision.go:194.63,196.4 1 0
github.com/lukemurraynz/azd.extensions.drasi/cmd/provision.go:201.2,201.60 1 0
github.com/lukemurraynz/azd.extensions.drasi/cmd/provision.go:201.60,203.3 1 0
github.com/lukemurraynz/azd.extensions.drasi/cmd/provision.go:204.2,205.43 2 0
github.com/lukemurraynz/azd.extensions.drasi/cmd/provision.go:205.43,207.3 1 0
github.com/lukemurraynz/azd.extensions.drasi/cmd/provision.go:208.2,208.38 1 0
github.com/lukemurraynz/azd.extensions.drasi/cmd/provision.go:211.74,213.16 2 0
github.com/lukemurraynz/azd.extensions.drasi/cmd/provision.go:213.16,215.3 1 0
github.com/lukemurraynz/azd.extensions.drasi/cmd/provision.go:217.2,218.65 2 0
github.com/lukemurraynz/azd.extensions.drasi/cmd/provision.go:218.65,220.3 1 0
github.com/lukemurraynz/azd.extensions.drasi/cmd/provision.go:221.2,222.50 2 0
github.com/lukemurraynz/azd.extensions.drasi/cmd/provision.go:222.50,224.3 1 0
github.com/lukemurraynz/azd.extensions.drasi/cmd/provision.go:225.2,225.12 1 0
github.com/lukemurraynz/azd.extensions.drasi/cmd/provision.go:228.65,230.16 2 2
github.com/lukemurraynz/azd.extensions.drasi/cmd/provision.go:230.16,232.3 1 0
github.com/lukemurraynz/azd.extensions.drasi/cmd/provision.go:233.2,234.50 2 2
github.com/lukemurraynz/azd.extensions.drasi/cmd/provision.go:234.50,236.3 1 2
github.com/lukemurraynz/azd.extensions.drasi/cmd/provision.go:237.2,237.12 1 0
github.com/lukemurraynz/azd.extensions.drasi/cmd/provision.go:249.149,251.32 2 0
github.com/lukemurraynz/azd.extensions.drasi/cmd/provision.go:251.32,254.3 1 0
github.com/lukemurraynz/azd.extensions.drasi/cmd/provision.go:258.2,259.16 2 0
github.com/lukemurraynz/azd.extensions.drasi/cmd/provision.go:259.16,262.3 1 0
github.com/lukemurraynz/azd.extensions.drasi/cmd/provision.go:264.2,272.16 4 0
github.com/lukemurraynz/azd.extensions.drasi/cmd/provision.go:272.16,274.3 1 0
github.com/lukemurraynz/azd.extensions.drasi/cmd/provision.go:276.2,277.56 2 0
github.com/lukemurraynz/azd.extensions.drasi/cmd/provision.go:277.56,279.3 1 0
github.com/lukemurraynz/azd.extensions.drasi/cmd/provision.go:281.2,281.25 1 0
github.com/lukemurraynz/azd.extensions.drasi/cmd/provision.go:281.25,283.3 1 0
github.com/lukemurraynz/azd.extensions.drasi/cmd/provision.go:285.2,285.30 1 0
github.com/lukemurraynz/azd.extensions.drasi/cmd/provision.go:285.30,288.3 1 0
github.com/lukemurraynz/azd.extensions.drasi/cmd/provision.go:294.2,294.55 1 0
github.com/lukemurraynz/azd.extensions.drasi/cmd/provision.go:294.55,296.17 2 0
github.com/lukemurraynz/azd.extensions.drasi/cmd/provision.go:296.17,297.30 1 0
github.com/lukemurraynz/azd.extensions.drasi/cmd/provision.go:297.30,299.5 1 0
github.com/lukemurraynz/azd.extensions.drasi/cmd/provision.go:300.4,300.59 1 0
github.com/lukemurraynz/azd.extensions.drasi/cmd/provision.go:304.2,304.12 1 0
github.com/lukemurraynz/azd.extensions.drasi/cmd/provision.go:308.107,317.25 3 0
github.com/lukemurraynz/azd.extensions.drasi/cmd/provision.go:317.25,318.79 1 0
github.com/lukemurraynz/azd.extensions.drasi/cmd/provision.go:318.79,320.4 1 0
github.com/lukemurraynz/azd.extensions.drasi/cmd/provision.go:322.2,322.12 1 0
github.com/lukemurraynz/azd.extensions.drasi/cmd/provision.go:328.105,333.16 2 4
github.com/lukemurraynz/azd.extensions.drasi/cmd/provision.go:333.16,335.3 1 4
github.com/lukemurraynz/azd.extensions.drasi/cmd/provision.go:336.2,336.17 1 0
github.com/lukemurraynz/azd.extensions.drasi/cmd/provision.go:336.17,338.3 1 0
github.com/lukemurraynz/azd.extensions.drasi/cmd/provision.go:339.2,339.24 1 0
github.com/lukemurraynz/azd.extensions.drasi/cmd/provision.go:346.78,347.22 1 0
github.com/lukemurraynz/azd.extensions.drasi/cmd/provision.go:347.22,348.63 1 0
github.com/lukemurraynz/azd.extensions.drasi/cmd/provision.go:348.63,350.4 1 0
github.com/lukemurraynz/azd.extensions.drasi/cmd/provision.go:352.2,353.16 2 0
github.com/lukemurraynz/azd.extensions.drasi/cmd/provision.go:353.16,355.3 1 0
github.com/lukemurraynz/azd.extensions.drasi/cmd/provision.go:356.2,358.50 3 0
github.com/lukemurraynz/azd.extensions.drasi/cmd/provision.go:358.50,360.3 1 0
github.com/lukemurraynz/azd.extensions.drasi/cmd/provision.go:361.2,361.12 1 0
github.com/lukemurraynz/azd.extensions.drasi/cmd/root.go:29.33,31.2 1 0
github.com/lukemurraynz/azd.extensions.drasi/cmd/root.go:33.38,42.68 3 108
github.com/lukemurraynz/azd.extensions.drasi/cmd/root.go:42.68,52.18 8 99
github.com/lukemurraynz/azd.extensions.drasi/cmd/root.go:52.18,54.5 1 0
github.com/lukemurraynz/azd.extensions.drasi/cmd/root.go:54.10,57.5 2 99
github.com/lukemurraynz/azd.extensions.drasi/cmd/root.go:59.4,60.18 2 99
github.com/lukemurraynz/azd.extensions.drasi/cmd/root.go:60.18,62.5 1 0
github.com/lukemurraynz/azd.extensions.drasi/cmd/root.go:62.10,65.5 2 99
github.com/lukemurraynz/azd.extensions.drasi/cmd/root.go:67.4,67.14 1 99
github.com/lukemurraynz/azd.extensions.drasi/cmd/root.go:69.69,74.26 2 53
github.com/lukemurraynz/azd.extensions.drasi/cmd/root.go:74.26,77.5 2 53
github.com/lukemurraynz/azd.extensions.drasi/cmd/root.go:79.4,79.35 1 53
github.com/lukemurraynz/azd.extensions.drasi/cmd/root.go:79.35,80.53 1 53
github.com/lukemurraynz/azd.extensions.drasi/cmd/root.go:80.53,82.6 1 0
github.com/lukemurraynz/azd.extensions.drasi/cmd/root.go:85.4,85.34 1 53
github.com/lukemurraynz/azd.extensions.drasi/cmd/root.go:85.34,86.52 1 53
github.com/lukemurraynz/azd.extensions.drasi/cmd/root.go:86.52,88.6 1 0
github.com/lukemurraynz/azd.extensions.drasi/cmd/root.go:91.4,91.14 1 53
github.com/lukemurraynz/azd.extensions.drasi/cmd/root.go:95.2,114.16 18 108
github.com/lukemurraynz/azd.extensions.drasi/cmd/runtime.go:18.99,20.16 2 0
github.com/lukemurraynz/azd.extensions.drasi/cmd/runtime.go:20.16,22.3 1 0
github.com/lukemurraynz/azd.extensions.drasi/cmd/runtime.go:23.2,23.17 1 0
github.com/lukemurraynz/azd.extensions.drasi/cmd/runtime.go:23.17,25.3 1 0
github.com/lukemurraynz/azd.extensions.drasi/cmd/runtime.go:26.2,26.24 1 0
github.com/lukemurraynz/azd.extensions.drasi/cmd/runtime.go:29.96,32.2 2 0
github.com/lukemurraynz/azd.extensions.drasi/cmd/runtime.go:34.132,35.39 1 11
github.com/lukemurraynz/azd.extensions.drasi/cmd/runtime.go:35.39,37.3 1 5
github.com/lukemurraynz/azd.extensions.drasi/cmd/runtime.go:39.2,40.40 2 6
github.com/lukemurraynz/azd.extensions.drasi/cmd/runtime.go:40.40,42.3 1 0
github.com/lukemurraynz/azd.extensions.drasi/cmd/runtime.go:44.2,45.16 2 6
github.com/lukemurraynz/azd.extensions.drasi/cmd/runtime.go:45.16,47.3 1 6
github.com/lukemurraynz/azd.extensions.drasi/cmd/runtime.go:48.2,48.44 1 0
github.com/lukemurraynz/azd.extensions.drasi/cmd/runtime.go:48.44,50.3 1 0
github.com/lukemurraynz/azd.extensions.drasi/cmd/runtime.go:52.2,52.35 1 0
github.com/lukemurraynz/azd.extensions.drasi/cmd/runtime.go:55.70,57.45 2 90
github.com/lukemurraynz/azd.extensions.drasi/cmd/runtime.go:57.45,59.3 1 23
github.com/lukemurraynz/azd.extensions.drasi/cmd/runtime.go:60.2,60.27 1 67
github.com/lukemurraynz/azd.extensions.drasi/cmd/runtime.go:63.60,64.16 1 15
github.com/lukemurraynz/azd.extensions.drasi/cmd/runtime.go:64.16,66.3 1 0
github.com/lukemurraynz/azd.extensions.drasi/cmd/runtime.go:67.2,68.37 2 15
github.com/lukemurraynz/azd.extensions.drasi/cmd/runtime.go:68.37,69.38 1 141
github.com/lukemurraynz/azd.extensions.drasi/cmd/runtime.go:69.38,71.4 1 13
github.com/lukemurraynz/azd.extensions.drasi/cmd/runtime.go:73.2,73.17 1 2
github.com/lukemurraynz/azd.extensions.drasi/cmd/runtime.go:76.117,79.23 3 47
github.com/lukemurraynz/azd.extensions.drasi/cmd/runtime.go:79.23,81.3 1 47
github.com/lukemurraynz/azd.extensions.drasi/cmd/runtime.go:82.2,82.23 1 47
github.com/lukemurraynz/azd.extensions.drasi/cmd/runtime.go:82.23,84.3 1 43
github.com/lukemurraynz/azd.extensions.drasi/cmd/runtime.go:86.2,87.16 2 4
github.com/lukemurraynz/azd.extensions.drasi/cmd/runtime.go:87.16,89.3 1 0
github.com/lukemurraynz/azd.extensions.drasi/cmd/runtime.go:90.2,93.16 3 4
github.com/lukemurraynz/azd.extensions.drasi/cmd/runtime.go:93.16,95.3 1 0
github.com/lukemurraynz/azd.extensions.drasi/cmd/runtime.go:97.2,98.16 2 4
github.com/lukemurraynz/azd.extensions.drasi/cmd/runtime.go:98.16,100.3 1 4
github.com/lukemurraynz/azd.extensions.drasi/cmd/runtime.go:101.2,101.42 1 0
github.com/lukemurraynz/azd.extensions.drasi/cmd/runtime.go:101.42,103.3 1 0
github.com/lukemurraynz/azd.extensions.drasi/cmd/runtime.go:105.2,105.25 1 0
github.com/lukemurraynz/azd.extensions.drasi/cmd/status.go:19.53,21.2 1 1
github.com/lukemurraynz/azd.extensions.drasi/cmd/status.go:44.46,45.31 1 21
github.com/lukemurraynz/azd.extensions.drasi/cmd/status.go:45.31,47.3 1 5
github.com/lukemurraynz/azd.extensions.drasi/cmd/status.go:48.2,48.13 1 16
github.com/lukemurraynz/azd.extensions.drasi/cmd/status.go:53.75,54.14 1 4
github.com/lukemurraynz/azd.extensions.drasi/cmd/status.go:54.14,56.3 1 2
github.com/lukemurraynz/azd.extensions.drasi/cmd/status.go:57.2,57.10 1 2
github.com/lukemurraynz/azd.extensions.drasi/cmd/status.go:60.40,66.55 2 108
github.com/lukemurraynz/azd.extensions.drasi/cmd/status.go:66.55,70.18 4 10
github.com/lukemurraynz/azd.extensions.drasi/cmd/status.go:70.18,73.5 2 1
github.com/lukemurraynz/azd.extensions.drasi/cmd/status.go:75.4,76.61 2 9
github.com/lukemurraynz/azd.extensions.drasi/cmd/status.go:76.61,86.5 2 0
github.com/lukemurraynz/azd.extensions.drasi/cmd/status.go:89.4,89.26 1 9
github.com/lukemurraynz/azd.extensions.drasi/cmd/status.go:89.26,91.5 1 5
github.com/lukemurraynz/azd.extensions.drasi/cmd/status.go:94.4,97.25 3 4
github.com/lukemurraynz/azd.extensions.drasi/cmd/status.go:97.25,99.5 1 4
github.com/lukemurraynz/azd.extensions.drasi/cmd/status.go:99.10,101.5 1 0
github.com/lukemurraynz/azd.extensions.drasi/cmd/status.go:102.4,102.18 1 4
github.com/lukemurraynz/azd.extensions.drasi/cmd/status.go:102.18,112.5 2 1
github.com/lukemurraynz/azd.extensions.drasi/cmd/status.go:114.4,114.35 1 3
github.com/lukemurraynz/azd.extensions.drasi/cmd/status.go:114.35,122.5 3 2
github.com/lukemurraynz/azd.extensions.drasi/cmd/status.go:124.4,124.27 1 1
github.com/lukemurraynz/azd.extensions.drasi/cmd/status.go:124.27,127.5 2 0
github.com/lukemurraynz/azd.extensions.drasi/cmd/status.go:129.4,130.14 2 1
github.com/lukemurraynz/azd.extensions.drasi/cmd/status.go:134.2,136.12 2 108
github.com/lukemurraynz/azd.extensions.drasi/cmd/status.go:140.121,147.38 3 5
github.com/lukemurraynz/azd.extensions.drasi/cmd/status.go:147.38,154.24 3 17
github.com/lukemurraynz/azd.extensions.drasi/cmd/status.go:154.24,156.4 1 17
github.com/lukemurraynz/azd.extensions.drasi/cmd/status.go:156.9,158.4 1 0
github.com/lukemurraynz/azd.extensions.drasi/cmd/status.go:159.3,159.17 1 17
github.com/lukemurraynz/azd.extensions.drasi/cmd/status.go:159.17,169.4 2 1
github.com/lukemurraynz/azd.extensions.drasi/cmd/status.go:170.3,170.65 1 16
github.com/lukemurraynz/azd.extensions.drasi/cmd/status.go:173.2,173.33 1 4
github.com/lukemurraynz/azd.extensions.drasi/cmd/status.go:173.33,177.29 2 1
github.com/lukemurraynz/azd.extensions.drasi/cmd/status.go:177.29,179.4 1 4
github.com/lukemurraynz/azd.extensions.drasi/cmd/status.go:180.3,181.13 2 1
github.com/lukemurraynz/azd.extensions.drasi/cmd/status.go:185.2,186.28 2 3
github.com/lukemurraynz/azd.extensions.drasi/cmd/status.go:186.28,187.12 1 12
github.com/lukemurraynz/azd.extensions.drasi/cmd/status.go:187.12,189.4 1 9
github.com/lukemurraynz/azd.extensions.drasi/cmd/status.go:190.3,192.28 3 12
github.com/lukemurraynz/azd.extensions.drasi/cmd/status.go:192.28,194.4 1 6
github.com/lukemurraynz/azd.extensions.drasi/cmd/status.go:194.9,196.4 1 6
github.com/lukemurraynz/azd.extensions.drasi/cmd/status.go:198.2,199.12 2 3
github.com/lukemurraynz/azd.extensions.drasi/cmd/teardown.go:17.42,26.55 5 108
github.com/lukemurraynz/azd.extensions.drasi/cmd/teardown.go:26.55,30.29 3 5
github.com/lukemurraynz/azd.extensions.drasi/cmd/teardown.go:30.29,32.5 1 0
github.com/lukemurraynz/azd.extensions.drasi/cmd/teardown.go:33.4,34.18 2 5
github.com/lukemurraynz/azd.extensions.drasi/cmd/teardown.go:34.18,43.5 1 3
github.com/lukemurraynz/azd.extensions.drasi/cmd/teardown.go:44.4,44.18 1 2
github.com/lukemurraynz/azd.extensions.drasi/cmd/teardown.go:44.18,47.5 2 0
github.com/lukemurraynz/azd.extensions.drasi/cmd/teardown.go:49.4,52.26 3 2
github.com/lukemurraynz/azd.extensions.drasi/cmd/teardown.go:52.26,54.5 1 0
github.com/lukemurraynz/azd.extensions.drasi/cmd/teardown.go:55.4,56.17 2 2
github.com/lukemurraynz/azd.extensions.drasi/cmd/teardown.go:56.17,56.40 1 2
github.com/lukemurraynz/azd.extensions.drasi/cmd/teardown.go:58.4,61.18 3 2
github.com/lukemurraynz/azd.extensions.drasi/cmd/teardown.go:61.18,70.5 1 0
github.com/lukemurraynz/azd.extensions.drasi/cmd/teardown.go:71.4,74.18 3 2
github.com/lukemurraynz/azd.extensions.drasi/cmd/teardown.go:74.18,83.5 1 2
github.com/lukemurraynz/azd.extensions.drasi/cmd/teardown.go:85.4,86.18 2 0
github.com/lukemurraynz/azd.extensions.drasi/cmd/teardown.go:86.18,95.5 1 0
github.com/lukemurraynz/azd.extensions.drasi/cmd/teardown.go:96.4,100.18 4 0
github.com/lukemurraynz/azd.extensions.drasi/cmd/teardown.go:100.18,109.5 1 0
github.com/lukemurraynz/azd.extensions.drasi/cmd/teardown.go:110.4,111.18 2 0
github.com/lukemurraynz/azd.extensions.drasi/cmd/teardown.go:111.18,120.5 1 0
github.com/lukemurraynz/azd.extensions.drasi/cmd/teardown.go:122.4,123.56 2 0
github.com/lukemurraynz/azd.extensions.drasi/cmd/teardown.go:123.56,133.5 2 0
github.com/lukemurraynz/azd.extensions.drasi/cmd/teardown.go:135.4,140.110 4 0
github.com/lukemurraynz/azd.extensions.drasi/cmd/teardown.go:140.110,150.5 2 0
github.com/lukemurraynz/azd.extensions.drasi/cmd/teardown.go:152.4,152.29 1 0
github.com/lukemurraynz/azd.extensions.drasi/cmd/teardown.go:152.29,156.35 3 0
github.com/lukemurraynz/azd.extensions.drasi/cmd/teardown.go:156.35,165.6 1 0
github.com/lukemurraynz/azd.extensions.drasi/cmd/teardown.go:166.5,166.57 1 0
github.com/lukemurraynz/azd.extensions.drasi/cmd/teardown.go:166.57,175.6 1 0
github.com/lukemurraynz/azd.extensions.drasi/cmd/teardown.go:178.4,181.35 3 0
github.com/lukemurraynz/azd.extensions.drasi/cmd/teardown.go:181.35,184.5 2 0
github.com/lukemurraynz/azd.extensions.drasi/cmd/teardown.go:186.4,187.29 2 0
github.com/lukemurraynz/azd.extensions.drasi/cmd/teardown.go:187.29,189.5 1 0
github.com/lukemurraynz/azd.extensions.drasi/cmd/teardown.go:191.4,191.14 1 0
github.com/lukemurraynz/azd.extensions.drasi/cmd/teardown.go:195.2,200.12 5 108
github.com/lukemurraynz/azd.extensions.drasi/cmd/teardown.go:203.72,205.16 2 0
github.com/lukemurraynz/azd.extensions.drasi/cmd/teardown.go:205.16,207.3 1 0
github.com/lukemurraynz/azd.extensions.drasi/cmd/teardown.go:208.2,209.53 2 0
github.com/lukemurraynz/azd.extensions.drasi/cmd/teardown.go:209.53,211.3 1 0
github.com/lukemurraynz/azd.extensions.drasi/cmd/teardown.go:212.2,212.12 1 0
github.com/lukemurraynz/azd.extensions.drasi/cmd/upgrade.go:17.55,19.2 1 3
github.com/lukemurraynz/azd.extensions.drasi/cmd/upgrade.go:25.41,32.55 3 108
github.com/lukemurraynz/azd.extensions.drasi/cmd/upgrade.go:32.55,37.18 4 8
github.com/lukemurraynz/azd.extensions.drasi/cmd/upgrade.go:37.18,46.5 1 2
github.com/lukemurraynz/azd.extensions.drasi/cmd/upgrade.go:47.4,47.18 1 6
github.com/lukemurraynz/azd.extensions.drasi/cmd/upgrade.go:47.18,50.5 2 0
github.com/lukemurraynz/azd.extensions.drasi/cmd/upgrade.go:53.4,54.26 2 6
github.com/lukemurraynz/azd.extensions.drasi/cmd/upgrade.go:54.26,56.5 1 0
github.com/lukemurraynz/azd.extensions.drasi/cmd/upgrade.go:57.4,58.17 2 6
github.com/lukemurraynz/azd.extensions.drasi/cmd/upgrade.go:58.17,58.40 1 6
github.com/lukemurraynz/azd.extensions.drasi/cmd/upgrade.go:60.4,63.18 3 6
github.com/lukemurraynz/azd.extensions.drasi/cmd/upgrade.go:63.18,68.5 2 1
github.com/lukemurraynz/azd.extensions.drasi/cmd/upgrade.go:70.4,70.25 1 5
github.com/lukemurraynz/azd.extensions.drasi/cmd/upgrade.go:70.25,71.83 1 0
github.com/lukemurraynz/azd.extensions.drasi/cmd/upgrade.go:71.83,76.6 1 0
github.com/lukemurraynz/azd.extensions.drasi/cmd/upgrade.go:77.5,77.80 1 0
github.com/lukemurraynz/azd.extensions.drasi/cmd/upgrade.go:77.80,82.6 1 0
github.com/lukemurraynz/azd.extensions.drasi/cmd/upgrade.go:85.4,86.61 2 5
github.com/lukemurraynz/azd.extensions.drasi/cmd/upgrade.go:86.61,96.5 2 0
github.com/lukemurraynz/azd.extensions.drasi/cmd/upgrade.go:98.4,98.14 1 5
github.com/lukemurraynz/azd.extensions.drasi/cmd/upgrade.go:98.14,103.20 4 3
github.com/lukemurraynz/azd.extensions.drasi/cmd/upgrade.go:103.20,105.6 1 2
github.com/lukemurraynz/azd.extensions.drasi/cmd/upgrade.go:107.5,107.36 1 3
github.com/lukemurraynz/azd.extensions.drasi/cmd/upgrade.go:107.36,111.6 3 1
github.com/lukemurraynz/azd.extensions.drasi/cmd/upgrade.go:113.5,116.15 4 2
github.com/lukemurraynz/azd.extensions.drasi/cmd/upgrade.go:119.4,121.75 2 2
github.com/lukemurraynz/azd.extensions.drasi/cmd/upgrade.go:121.75,131.5 2 2
github.com/lukemurraynz/azd.extensions.drasi/cmd/upgrade.go:133.4,135.35 2 0
github.com/lukemurraynz/azd.extensions.drasi/cmd/upgrade.go:135.35,139.5 3 0
github.com/lukemurraynz/azd.extensions.drasi/cmd/upgrade.go:141.4,141.22 1 0
github.com/lukemurraynz/azd.extensions.drasi/cmd/upgrade.go:141.22,143.5 1 0
github.com/lukemurraynz/azd.extensions.drasi/cmd/upgrade.go:143.10,145.5 1 0
github.com/lukemurraynz/azd.extensions.drasi/cmd/upgrade.go:146.4,146.14 1 0
github.com/lukemurraynz/azd.extensions.drasi/cmd/upgrade.go:150.2,152.12 3 108
github.com/lukemurraynz/azd.extensions.drasi/cmd/validate.go:19.39,21.2 1 85
github.com/lukemurraynz/azd.extensions.drasi/cmd/validate.go:23.42,31.55 4 108
github.com/lukemurraynz/azd.extensions.drasi/cmd/validate.go:31.55,34.49 3 6
github.com/lukemurraynz/azd.extensions.drasi/cmd/validate.go:34.49,36.5 1 1
github.com/lukemurraynz/azd.extensions.drasi/cmd/validate.go:38.4,39.18 2 6
github.com/lukemurraynz/azd.extensions.drasi/cmd/validate.go:39.18,41.5 1 0
github.com/lukemurraynz/azd.extensions.drasi/cmd/validate.go:43.4,44.18 2 6
github.com/lukemurraynz/azd.extensions.drasi/cmd/validate.go:44.18,46.5 1 1
github.com/lukemurraynz/azd.extensions.drasi/cmd/validate.go:48.4,49.14 2 5
github.com/lukemurraynz/azd.extensions.drasi/cmd/validate.go:49.14,50.27 1 1
github.com/lukemurraynz/azd.extensions.drasi/cmd/validate.go:50.27,51.52 1 1
github.com/lukemurraynz/azd.extensions.drasi/cmd/validate.go:51.52,53.7 1 1
github.com/lukemurraynz/azd.extensions.drasi/cmd/validate.go:57.4,60.29 3 5
github.com/lukemurraynz/azd.extensions.drasi/cmd/validate.go:60.29,62.5 1 3
github.com/lukemurraynz/azd.extensions.drasi/cmd/validate.go:63.4,63.14 1 2
github.com/lukemurraynz/azd.extensions.drasi/cmd/validate.go:67.2,71.16 4 108
github.com/lukemurraynz/azd.extensions.drasi/cmd/validate.go:74.114,75.33 1 5
github.com/lukemurraynz/azd.extensions.drasi/cmd/validate.go:75.33,77.25 2 1
github.com/lukemurraynz/azd.extensions.drasi/cmd/validate.go:77.25,79.4 1 1
github.com/lukemurraynz/azd.extensions.drasi/cmd/validate.go:80.3,85.17 3 1
github.com/lukemurraynz/azd.extensions.drasi/cmd/validate.go:85.17,87.4 1 1
github.com/lukemurraynz/azd.extensions.drasi/cmd/validate.go:88.3,88.9 1 1
github.com/lukemurraynz/azd.extensions.drasi/cmd/validate.go:91.2,91.29 1 4
github.com/lukemurraynz/azd.extensions.drasi/cmd/validate.go:91.29,94.3 2 2
github.com/lukemurraynz/azd.extensions.drasi/cmd/validate.go:96.2,96.38 1 2
github.com/lukemurraynz/azd.extensions.drasi/cmd/validate.go:96.38,98.3 1 2
github.com/lukemurraynz/azd.extensions.drasi/cmd/validate.go:101.127,105.2 2 41
github.com/lukemurraynz/azd.extensions.drasi/cmd/validate.go:107.59,109.38 2 4
github.com/lukemurraynz/azd.extensions.drasi/cmd/validate.go:109.38,110.43 1 4
github.com/lukemurraynz/azd.extensions.drasi/cmd/validate.go:110.43,112.4 1 4
github.com/lukemurraynz/azd.extensions.drasi/cmd/validate.go:114.2,114.14 1 4
github.com/lukemurraynz/azd.extensions.drasi/cmd/validate.go:117.37,120.2 2 0
github.com/lukemurraynz/azd.extensions.drasi/cmd/version.go:8.61,10.2 1 108
